{"C:\\Users\\Lenovo\\Desktop\\portofolio\\finalproject\\meetyou-server\\app.js": {"path":"C:\\Users\\Lenovo\\Desktop\\portofolio\\finalproject\\meetyou-server\\app.js","statementMap":{"0":{"start":{"line":1,"column":0},"end":{"line":1,"column":27}},"1":{"start":{"line":2,"column":16},"end":{"line":2,"column":34}},"2":{"start":{"line":3,"column":12},"end":{"line":3,"column":21}},"3":{"start":{"line":4,"column":13},"end":{"line":4,"column":28}},"4":{"start":{"line":5,"column":13},"end":{"line":5,"column":37}},"5":{"start":{"line":6,"column":15},"end":{"line":6,"column":40}},"6":{"start":{"line":8,"column":0},"end":{"line":8,"column":16}},"7":{"start":{"line":9,"column":0},"end":{"line":9,"column":24}},"8":{"start":{"line":10,"column":0},"end":{"line":10,"column":48}},"9":{"start":{"line":11,"column":0},"end":{"line":11,"column":21}},"10":{"start":{"line":17,"column":0},"end":{"line":17,"column":21}}},"fnMap":{},"branchMap":{"0":{"loc":{"start":{"line":5,"column":13},"end":{"line":5,"column":37}},"type":"binary-expr","locations":[{"start":{"line":5,"column":13},"end":{"line":5,"column":29}},{"start":{"line":5,"column":33},"end":{"line":5,"column":37}}],"line":5}},"s":{"0":1,"1":1,"2":1,"3":1,"4":1,"5":1,"6":1,"7":1,"8":1,"9":1,"10":1},"f":{},"b":{"0":[1,1]},"_coverageSchema":"1a1c01bbd47fc00a2c39e90264f33305004495a9","hash":"0a4db2399eefe26dd83b88e134454f789dbf4003"}
,"C:\\Users\\Lenovo\\Desktop\\portofolio\\finalproject\\meetyou-server\\controllers\\swipeController.js": {"path":"C:\\Users\\Lenovo\\Desktop\\portofolio\\finalproject\\meetyou-server\\controllers\\swipeController.js","statementMap":{"0":{"start":{"line":1,"column":54},"end":{"line":1,"column":74}},"1":{"start":{"line":7,"column":54},"end":{"line":7,"column":62}},"2":{"start":{"line":8,"column":23},"end":{"line":8,"column":62}},"3":{"start":{"line":10,"column":4},"end":{"line":47,"column":5}},"4":{"start":{"line":11,"column":28},"end":{"line":15,"column":8}},"5":{"start":{"line":18,"column":21},"end":{"line":20,"column":8}},"6":{"start":{"line":19,"column":8},"end":{"line":19,"column":23}},"7":{"start":{"line":23,"column":23},"end":{"line":36,"column":8}},"8":{"start":{"line":39,"column":25},"end":{"line":43,"column":8}},"9":{"start":{"line":40,"column":8},"end":{"line":42,"column":9}},"10":{"start":{"line":41,"column":10},"end":{"line":41,"column":22}},"11":{"start":{"line":44,"column":6},"end":{"line":44,"column":43}},"12":{"start":{"line":46,"column":6},"end":{"line":46,"column":34}},"13":{"start":{"line":51,"column":54},"end":{"line":51,"column":62}},"14":{"start":{"line":52,"column":25},"end":{"line":52,"column":33}},"15":{"start":{"line":54,"column":4},"end":{"line":90,"column":5}},"16":{"start":{"line":56,"column":24},"end":{"line":61,"column":8}},"17":{"start":{"line":63,"column":6},"end":{"line":87,"column":7}},"18":{"start":{"line":64,"column":28},"end":{"line":69,"column":10}},"19":{"start":{"line":70,"column":8},"end":{"line":70,"column":42}},"20":{"start":{"line":73,"column":22},"end":{"line":84,"column":9}},"21":{"start":{"line":85,"column":23},"end":{"line":85,"column":34}},"22":{"start":{"line":86,"column":8},"end":{"line":86,"column":37}},"23":{"start":{"line":89,"column":6},"end":{"line":89,"column":34}},"24":{"start":{"line":94,"column":54},"end":{"line":94,"column":62}},"25":{"start":{"line":95,"column":25},"end":{"line":95,"column":33}},"26":{"start":{"line":97,"column":4},"end":{"line":132,"column":5}},"27":{"start":{"line":98,"column":24},"end":{"line":103,"column":8}},"28":{"start":{"line":105,"column":6},"end":{"line":129,"column":7}},"29":{"start":{"line":106,"column":27},"end":{"line":111,"column":10}},"30":{"start":{"line":112,"column":8},"end":{"line":112,"column":41}},"31":{"start":{"line":115,"column":24},"end":{"line":126,"column":9}},"32":{"start":{"line":127,"column":23},"end":{"line":127,"column":36}},"33":{"start":{"line":128,"column":8},"end":{"line":128,"column":37}},"34":{"start":{"line":131,"column":6},"end":{"line":131,"column":34}},"35":{"start":{"line":136,"column":0},"end":{"line":136,"column":33}}},"fnMap":{"0":{"name":"(anonymous_0)","decl":{"start":{"line":5,"column":2},"end":{"line":5,"column":3}},"loc":{"start":{"line":5,"column":44},"end":{"line":48,"column":3}},"line":5},"1":{"name":"(anonymous_1)","decl":{"start":{"line":18,"column":39},"end":{"line":18,"column":40}},"loc":{"start":{"line":18,"column":49},"end":{"line":20,"column":7}},"line":18},"2":{"name":"(anonymous_2)","decl":{"start":{"line":39,"column":38},"end":{"line":39,"column":39}},"loc":{"start":{"line":39,"column":48},"end":{"line":43,"column":7}},"line":39},"3":{"name":"(anonymous_3)","decl":{"start":{"line":50,"column":2},"end":{"line":50,"column":3}},"loc":{"start":{"line":50,"column":42},"end":{"line":91,"column":3}},"line":50},"4":{"name":"(anonymous_4)","decl":{"start":{"line":93,"column":2},"end":{"line":93,"column":3}},"loc":{"start":{"line":93,"column":41},"end":{"line":133,"column":3}},"line":93}},"branchMap":{"0":{"loc":{"start":{"line":8,"column":23},"end":{"line":8,"column":62}},"type":"cond-expr","locations":[{"start":{"line":8,"column":45},"end":{"line":8,"column":51}},{"start":{"line":8,"column":54},"end":{"line":8,"column":62}}],"line":8},"1":{"loc":{"start":{"line":40,"column":8},"end":{"line":42,"column":9}},"type":"if","locations":[{"start":{"line":40,"column":8},"end":{"line":42,"column":9}},{"start":{"line":40,"column":8},"end":{"line":42,"column":9}}],"line":40},"2":{"loc":{"start":{"line":40,"column":12},"end":{"line":40,"column":57}},"type":"binary-expr","locations":[{"start":{"line":40,"column":12},"end":{"line":40,"column":39}},{"start":{"line":40,"column":43},"end":{"line":40,"column":57}}],"line":40},"3":{"loc":{"start":{"line":63,"column":6},"end":{"line":87,"column":7}},"type":"if","locations":[{"start":{"line":63,"column":6},"end":{"line":87,"column":7}},{"start":{"line":63,"column":6},"end":{"line":87,"column":7}}],"line":63},"4":{"loc":{"start":{"line":105,"column":6},"end":{"line":129,"column":7}},"type":"if","locations":[{"start":{"line":105,"column":6},"end":{"line":129,"column":7}},{"start":{"line":105,"column":6},"end":{"line":129,"column":7}}],"line":105}},"s":{"0":1,"1":0,"2":0,"3":0,"4":0,"5":0,"6":0,"7":0,"8":0,"9":0,"10":0,"11":0,"12":0,"13":0,"14":0,"15":0,"16":0,"17":0,"18":0,"19":0,"20":0,"21":0,"22":0,"23":0,"24":0,"25":0,"26":0,"27":0,"28":0,"29":0,"30":0,"31":0,"32":0,"33":0,"34":0,"35":1},"f":{"0":0,"1":0,"2":0,"3":0,"4":0},"b":{"0":[0,0],"1":[0,0],"2":[0,0],"3":[0,0],"4":[0,0]},"_coverageSchema":"1a1c01bbd47fc00a2c39e90264f33305004495a9","hash":"17b989b03587658b88798d8067a078d12ce6790b"}
,"C:\\Users\\Lenovo\\Desktop\\portofolio\\finalproject\\meetyou-server\\controllers\\userController.js": {"path":"C:\\Users\\Lenovo\\Desktop\\portofolio\\finalproject\\meetyou-server\\controllers\\userController.js","statementMap":{"0":{"start":{"line":1,"column":59},"end":{"line":1,"column":79}},"1":{"start":{"line":2,"column":19},"end":{"line":2,"column":47}},"2":{"start":{"line":3,"column":17},"end":{"line":3,"column":42}},"3":{"start":{"line":8,"column":32},"end":{"line":8,"column":40}},"4":{"start":{"line":10,"column":4},"end":{"line":32,"column":5}},"5":{"start":{"line":11,"column":24},"end":{"line":11,"column":64}},"6":{"start":{"line":12,"column":6},"end":{"line":14,"column":7}},"7":{"start":{"line":13,"column":8},"end":{"line":13,"column":75}},"8":{"start":{"line":15,"column":22},"end":{"line":15,"column":58}},"9":{"start":{"line":16,"column":6},"end":{"line":18,"column":7}},"10":{"start":{"line":17,"column":8},"end":{"line":17,"column":75}},"11":{"start":{"line":20,"column":27},"end":{"line":23,"column":8}},"12":{"start":{"line":24,"column":6},"end":{"line":28,"column":9}},"13":{"start":{"line":31,"column":6},"end":{"line":31,"column":18}},"14":{"start":{"line":46,"column":8},"end":{"line":46,"column":16}},"15":{"start":{"line":47,"column":14},"end":{"line":47,"column":43}},"16":{"start":{"line":48,"column":4},"end":{"line":75,"column":5}},"17":{"start":{"line":49,"column":22},"end":{"line":52,"column":7}},"18":{"start":{"line":54,"column":23},"end":{"line":62,"column":8}},"19":{"start":{"line":55,"column":8},"end":{"line":61,"column":10}},"20":{"start":{"line":64,"column":6},"end":{"line":71,"column":11}},"21":{"start":{"line":66,"column":10},"end":{"line":66,"column":27}},"22":{"start":{"line":67,"column":10},"end":{"line":67,"column":40}},"23":{"start":{"line":70,"column":10},"end":{"line":70,"column":22}},"24":{"start":{"line":73,"column":6},"end":{"line":73,"column":25}},"25":{"start":{"line":74,"column":6},"end":{"line":74,"column":18}},"26":{"start":{"line":89,"column":8},"end":{"line":89,"column":16}},"27":{"start":{"line":91,"column":19},"end":{"line":91,"column":27}},"28":{"start":{"line":93,"column":4},"end":{"line":135,"column":5}},"29":{"start":{"line":94,"column":23},"end":{"line":94,"column":46}},"30":{"start":{"line":95,"column":6},"end":{"line":100,"column":7}},"31":{"start":{"line":96,"column":8},"end":{"line":99,"column":10}},"32":{"start":{"line":101,"column":28},"end":{"line":113,"column":7}},"33":{"start":{"line":115,"column":22},"end":{"line":115,"column":41}},"34":{"start":{"line":117,"column":23},"end":{"line":122,"column":8}},"35":{"start":{"line":118,"column":8},"end":{"line":121,"column":11}},"36":{"start":{"line":124,"column":6},"end":{"line":130,"column":11}},"37":{"start":{"line":126,"column":10},"end":{"line":126,"column":34}},"38":{"start":{"line":129,"column":10},"end":{"line":129,"column":22}},"39":{"start":{"line":132,"column":6},"end":{"line":132,"column":36}},"40":{"start":{"line":134,"column":6},"end":{"line":134,"column":18}},"41":{"start":{"line":139,"column":4},"end":{"line":146,"column":5}},"42":{"start":{"line":140,"column":27},"end":{"line":142,"column":8}},"43":{"start":{"line":143,"column":6},"end":{"line":143,"column":41}},"44":{"start":{"line":145,"column":6},"end":{"line":145,"column":18}},"45":{"start":{"line":150,"column":19},"end":{"line":150,"column":27}},"46":{"start":{"line":152,"column":4},"end":{"line":178,"column":5}},"47":{"start":{"line":153,"column":27},"end":{"line":174,"column":8}},"48":{"start":{"line":175,"column":6},"end":{"line":175,"column":41}},"49":{"start":{"line":177,"column":6},"end":{"line":177,"column":18}},"50":{"start":{"line":182,"column":19},"end":{"line":182,"column":27}},"51":{"start":{"line":183,"column":4},"end":{"line":195,"column":5}},"52":{"start":{"line":184,"column":19},"end":{"line":191,"column":8}},"53":{"start":{"line":192,"column":6},"end":{"line":192,"column":33}},"54":{"start":{"line":194,"column":6},"end":{"line":194,"column":18}},"55":{"start":{"line":199,"column":0},"end":{"line":199,"column":32}}},"fnMap":{"0":{"name":"(anonymous_0)","decl":{"start":{"line":7,"column":2},"end":{"line":7,"column":3}},"loc":{"start":{"line":7,"column":37},"end":{"line":33,"column":3}},"line":7},"1":{"name":"(anonymous_1)","decl":{"start":{"line":35,"column":2},"end":{"line":35,"column":3}},"loc":{"start":{"line":35,"column":40},"end":{"line":76,"column":3}},"line":35},"2":{"name":"(anonymous_2)","decl":{"start":{"line":54,"column":38},"end":{"line":54,"column":39}},"loc":{"start":{"line":54,"column":58},"end":{"line":62,"column":7}},"line":54},"3":{"name":"(anonymous_3)","decl":{"start":{"line":65,"column":14},"end":{"line":65,"column":15}},"loc":{"start":{"line":65,"column":27},"end":{"line":68,"column":9}},"line":65},"4":{"name":"(anonymous_4)","decl":{"start":{"line":69,"column":15},"end":{"line":69,"column":16}},"loc":{"start":{"line":69,"column":26},"end":{"line":71,"column":9}},"line":69},"5":{"name":"(anonymous_5)","decl":{"start":{"line":78,"column":2},"end":{"line":78,"column":3}},"loc":{"start":{"line":78,"column":43},"end":{"line":136,"column":3}},"line":78},"6":{"name":"(anonymous_6)","decl":{"start":{"line":117,"column":34},"end":{"line":117,"column":35}},"loc":{"start":{"line":117,"column":49},"end":{"line":122,"column":7}},"line":117},"7":{"name":"(anonymous_7)","decl":{"start":{"line":125,"column":14},"end":{"line":125,"column":15}},"loc":{"start":{"line":125,"column":27},"end":{"line":127,"column":9}},"line":125},"8":{"name":"(anonymous_8)","decl":{"start":{"line":128,"column":15},"end":{"line":128,"column":16}},"loc":{"start":{"line":128,"column":26},"end":{"line":130,"column":9}},"line":128},"9":{"name":"(anonymous_9)","decl":{"start":{"line":138,"column":2},"end":{"line":138,"column":3}},"loc":{"start":{"line":138,"column":43},"end":{"line":147,"column":3}},"line":138},"10":{"name":"(anonymous_10)","decl":{"start":{"line":149,"column":2},"end":{"line":149,"column":3}},"loc":{"start":{"line":149,"column":48},"end":{"line":179,"column":3}},"line":149},"11":{"name":"(anonymous_11)","decl":{"start":{"line":181,"column":2},"end":{"line":181,"column":3}},"loc":{"start":{"line":181,"column":44},"end":{"line":196,"column":3}},"line":181}},"branchMap":{"0":{"loc":{"start":{"line":12,"column":6},"end":{"line":14,"column":7}},"type":"if","locations":[{"start":{"line":12,"column":6},"end":{"line":14,"column":7}},{"start":{"line":12,"column":6},"end":{"line":14,"column":7}}],"line":12},"1":{"loc":{"start":{"line":16,"column":6},"end":{"line":18,"column":7}},"type":"if","locations":[{"start":{"line":16,"column":6},"end":{"line":18,"column":7}},{"start":{"line":16,"column":6},"end":{"line":18,"column":7}}],"line":16},"2":{"loc":{"start":{"line":95,"column":6},"end":{"line":100,"column":7}},"type":"if","locations":[{"start":{"line":95,"column":6},"end":{"line":100,"column":7}},{"start":{"line":95,"column":6},"end":{"line":100,"column":7}}],"line":95}},"s":{"0":1,"1":1,"2":1,"3":2,"4":2,"5":2,"6":2,"7":1,"8":1,"9":1,"10":0,"11":1,"12":1,"13":1,"14":15,"15":15,"16":15,"17":15,"18":1,"19":3,"20":1,"21":1,"22":1,"23":0,"24":14,"25":14,"26":0,"27":0,"28":0,"29":0,"30":0,"31":0,"32":0,"33":0,"34":0,"35":0,"36":0,"37":0,"38":0,"39":0,"40":0,"41":0,"42":0,"43":0,"44":0,"45":0,"46":0,"47":0,"48":0,"49":0,"50":0,"51":0,"52":0,"53":0,"54":0,"55":1},"f":{"0":2,"1":15,"2":3,"3":1,"4":0,"5":0,"6":0,"7":0,"8":0,"9":0,"10":0,"11":0},"b":{"0":[1,1],"1":[0,1],"2":[0,0]},"_coverageSchema":"1a1c01bbd47fc00a2c39e90264f33305004495a9","hash":"f219e389d3813c130616bfa2dc160163c6ba2661"}
,"C:\\Users\\Lenovo\\Desktop\\portofolio\\finalproject\\meetyou-server\\errorHandlers\\errorHandler.js": {"path":"C:\\Users\\Lenovo\\Desktop\\portofolio\\finalproject\\meetyou-server\\errorHandlers\\errorHandler.js","statementMap":{"0":{"start":{"line":1,"column":21},"end":{"line":27,"column":1}},"1":{"start":{"line":2,"column":13},"end":{"line":2,"column":16}},"2":{"start":{"line":3,"column":16},"end":{"line":3,"column":39}},"3":{"start":{"line":5,"column":2},"end":{"line":25,"column":3}},"4":{"start":{"line":6,"column":4},"end":{"line":6,"column":15}},"5":{"start":{"line":7,"column":4},"end":{"line":7,"column":28}},"6":{"start":{"line":8,"column":9},"end":{"line":25,"column":3}},"7":{"start":{"line":9,"column":4},"end":{"line":9,"column":15}},"8":{"start":{"line":10,"column":4},"end":{"line":10,"column":28}},"9":{"start":{"line":11,"column":9},"end":{"line":25,"column":3}},"10":{"start":{"line":12,"column":4},"end":{"line":12,"column":15}},"11":{"start":{"line":13,"column":4},"end":{"line":13,"column":28}},"12":{"start":{"line":14,"column":9},"end":{"line":25,"column":3}},"13":{"start":{"line":15,"column":4},"end":{"line":15,"column":15}},"14":{"start":{"line":16,"column":4},"end":{"line":16,"column":28}},"15":{"start":{"line":17,"column":9},"end":{"line":25,"column":3}},"16":{"start":{"line":18,"column":4},"end":{"line":18,"column":15}},"17":{"start":{"line":19,"column":4},"end":{"line":21,"column":7}},"18":{"start":{"line":20,"column":6},"end":{"line":20,"column":24}},"19":{"start":{"line":22,"column":9},"end":{"line":25,"column":3}},"20":{"start":{"line":23,"column":4},"end":{"line":23,"column":15}},"21":{"start":{"line":24,"column":4},"end":{"line":24,"column":40}},"22":{"start":{"line":26,"column":2},"end":{"line":26,"column":37}},"23":{"start":{"line":29,"column":0},"end":{"line":29,"column":34}}},"fnMap":{"0":{"name":"(anonymous_0)","decl":{"start":{"line":1,"column":21},"end":{"line":1,"column":22}},"loc":{"start":{"line":1,"column":48},"end":{"line":27,"column":1}},"line":1},"1":{"name":"(anonymous_1)","decl":{"start":{"line":19,"column":31},"end":{"line":19,"column":32}},"loc":{"start":{"line":19,"column":39},"end":{"line":21,"column":5}},"line":19}},"branchMap":{"0":{"loc":{"start":{"line":5,"column":2},"end":{"line":25,"column":3}},"type":"if","locations":[{"start":{"line":5,"column":2},"end":{"line":25,"column":3}},{"start":{"line":5,"column":2},"end":{"line":25,"column":3}}],"line":5},"1":{"loc":{"start":{"line":8,"column":9},"end":{"line":25,"column":3}},"type":"if","locations":[{"start":{"line":8,"column":9},"end":{"line":25,"column":3}},{"start":{"line":8,"column":9},"end":{"line":25,"column":3}}],"line":8},"2":{"loc":{"start":{"line":11,"column":9},"end":{"line":25,"column":3}},"type":"if","locations":[{"start":{"line":11,"column":9},"end":{"line":25,"column":3}},{"start":{"line":11,"column":9},"end":{"line":25,"column":3}}],"line":11},"3":{"loc":{"start":{"line":14,"column":9},"end":{"line":25,"column":3}},"type":"if","locations":[{"start":{"line":14,"column":9},"end":{"line":25,"column":3}},{"start":{"line":14,"column":9},"end":{"line":25,"column":3}}],"line":14},"4":{"loc":{"start":{"line":17,"column":9},"end":{"line":25,"column":3}},"type":"if","locations":[{"start":{"line":17,"column":9},"end":{"line":25,"column":3}},{"start":{"line":17,"column":9},"end":{"line":25,"column":3}}],"line":17},"5":{"loc":{"start":{"line":22,"column":9},"end":{"line":25,"column":3}},"type":"if","locations":[{"start":{"line":22,"column":9},"end":{"line":25,"column":3}},{"start":{"line":22,"column":9},"end":{"line":25,"column":3}}],"line":22}},"s":{"0":1,"1":15,"2":15,"3":15,"4":0,"5":0,"6":15,"7":0,"8":0,"9":15,"10":1,"11":1,"12":14,"13":0,"14":0,"15":14,"16":13,"17":13,"18":15,"19":1,"20":1,"21":1,"22":15,"23":1},"f":{"0":15,"1":15},"b":{"0":[0,15],"1":[0,15],"2":[1,14],"3":[0,14],"4":[13,1],"5":[1,0]},"_coverageSchema":"1a1c01bbd47fc00a2c39e90264f33305004495a9","hash":"728de103243da96a479d98d9eaf4cae7de8bf696"}
,"C:\\Users\\Lenovo\\Desktop\\portofolio\\finalproject\\meetyou-server\\helpers\\bcrypt.js": {"path":"C:\\Users\\Lenovo\\Desktop\\portofolio\\finalproject\\meetyou-server\\helpers\\bcrypt.js","statementMap":{"0":{"start":{"line":1,"column":15},"end":{"line":1,"column":32}},"1":{"start":{"line":2,"column":13},"end":{"line":2,"column":15}},"2":{"start":{"line":5,"column":2},"end":{"line":5,"column":45}},"3":{"start":{"line":9,"column":2},"end":{"line":9,"column":57}},"4":{"start":{"line":12,"column":0},"end":{"line":12,"column":35}}},"fnMap":{"0":{"name":"encode","decl":{"start":{"line":4,"column":9},"end":{"line":4,"column":15}},"loc":{"start":{"line":4,"column":31},"end":{"line":6,"column":1}},"line":4},"1":{"name":"decode","decl":{"start":{"line":8,"column":9},"end":{"line":8,"column":15}},"loc":{"start":{"line":8,"column":47},"end":{"line":10,"column":1}},"line":8}},"branchMap":{},"s":{"0":1,"1":1,"2":4,"3":1,"4":1},"f":{"0":4,"1":1},"b":{},"_coverageSchema":"1a1c01bbd47fc00a2c39e90264f33305004495a9","hash":"f561db12950d61b5f6e610c55e6ba843e2562d8f"}
,"C:\\Users\\Lenovo\\Desktop\\portofolio\\finalproject\\meetyou-server\\helpers\\jwt.js": {"path":"C:\\Users\\Lenovo\\Desktop\\portofolio\\finalproject\\meetyou-server\\helpers\\jwt.js","statementMap":{"0":{"start":{"line":1,"column":12},"end":{"line":1,"column":35}},"1":{"start":{"line":2,"column":19},"end":{"line":2,"column":54}},"2":{"start":{"line":5,"column":2},"end":{"line":5,"column":39}},"3":{"start":{"line":9,"column":2},"end":{"line":9,"column":39}},"4":{"start":{"line":12,"column":0},"end":{"line":12,"column":34}}},"fnMap":{"0":{"name":"sign","decl":{"start":{"line":4,"column":9},"end":{"line":4,"column":13}},"loc":{"start":{"line":4,"column":23},"end":{"line":6,"column":1}},"line":4},"1":{"name":"verify","decl":{"start":{"line":8,"column":9},"end":{"line":8,"column":15}},"loc":{"start":{"line":8,"column":23},"end":{"line":10,"column":1}},"line":8}},"branchMap":{"0":{"loc":{"start":{"line":2,"column":19},"end":{"line":2,"column":54}},"type":"binary-expr","locations":[{"start":{"line":2,"column":19},"end":{"line":2,"column":41}},{"start":{"line":2,"column":45},"end":{"line":2,"column":54}}],"line":2}},"s":{"0":1,"1":1,"2":1,"3":0,"4":1},"f":{"0":1,"1":0},"b":{"0":[1,1]},"_coverageSchema":"1a1c01bbd47fc00a2c39e90264f33305004495a9","hash":"eb7f27a125172761cc2811ee2e4ccb6c973bfe61"}
,"C:\\Users\\Lenovo\\Desktop\\portofolio\\finalproject\\meetyou-server\\middlewares\\auth.js": {"path":"C:\\Users\\Lenovo\\Desktop\\portofolio\\finalproject\\meetyou-server\\middlewares\\auth.js","statementMap":{"0":{"start":{"line":1,"column":19},"end":{"line":1,"column":44}},"1":{"start":{"line":2,"column":17},"end":{"line":2,"column":37}},"2":{"start":{"line":3,"column":23},"end":{"line":41,"column":1}},"3":{"start":{"line":4,"column":23},"end":{"line":4,"column":47}},"4":{"start":{"line":5,"column":2},"end":{"line":40,"column":3}},"5":{"start":{"line":6,"column":4},"end":{"line":11,"column":5}},"6":{"start":{"line":7,"column":6},"end":{"line":10,"column":8}},"7":{"start":{"line":13,"column":20},"end":{"line":13,"column":40}},"8":{"start":{"line":14,"column":26},"end":{"line":14,"column":33}},"9":{"start":{"line":15,"column":21},"end":{"line":20,"column":6}},"10":{"start":{"line":22,"column":4},"end":{"line":27,"column":5}},"11":{"start":{"line":23,"column":6},"end":{"line":26,"column":8}},"12":{"start":{"line":29,"column":4},"end":{"line":35,"column":6}},"13":{"start":{"line":37,"column":4},"end":{"line":37,"column":11}},"14":{"start":{"line":39,"column":4},"end":{"line":39,"column":14}},"15":{"start":{"line":43,"column":0},"end":{"line":43,"column":36}}},"fnMap":{"0":{"name":"(anonymous_0)","decl":{"start":{"line":3,"column":23},"end":{"line":3,"column":24}},"loc":{"start":{"line":3,"column":49},"end":{"line":41,"column":1}},"line":3}},"branchMap":{"0":{"loc":{"start":{"line":6,"column":4},"end":{"line":11,"column":5}},"type":"if","locations":[{"start":{"line":6,"column":4},"end":{"line":11,"column":5}},{"start":{"line":6,"column":4},"end":{"line":11,"column":5}}],"line":6},"1":{"loc":{"start":{"line":22,"column":4},"end":{"line":27,"column":5}},"type":"if","locations":[{"start":{"line":22,"column":4},"end":{"line":27,"column":5}},{"start":{"line":22,"column":4},"end":{"line":27,"column":5}}],"line":22}},"s":{"0":1,"1":1,"2":1,"3":0,"4":0,"5":0,"6":0,"7":0,"8":0,"9":0,"10":0,"11":0,"12":0,"13":0,"14":0,"15":1},"f":{"0":0},"b":{"0":[0,0],"1":[0,0]},"_coverageSchema":"1a1c01bbd47fc00a2c39e90264f33305004495a9","hash":"000fffc65274ae31c1558ba9fb8dab2cb8fd29be"}
,"C:\\Users\\Lenovo\\Desktop\\portofolio\\finalproject\\meetyou-server\\models\\chat.js": {"path":"C:\\Users\\Lenovo\\Desktop\\portofolio\\finalproject\\meetyou-server\\models\\chat.js","statementMap":{"0":{"start":{"line":4,"column":4},"end":{"line":4,"column":24}},"1":{"start":{"line":5,"column":0},"end":{"line":24,"column":2}},"2":{"start":{"line":16,"column":2},"end":{"line":22,"column":5}},"3":{"start":{"line":23,"column":2},"end":{"line":23,"column":14}}},"fnMap":{"0":{"name":"(anonymous_0)","decl":{"start":{"line":5,"column":17},"end":{"line":5,"column":18}},"loc":{"start":{"line":5,"column":43},"end":{"line":24,"column":1}},"line":5},"1":{"name":"(anonymous_1)","decl":{"start":{"line":12,"column":4},"end":{"line":12,"column":5}},"loc":{"start":{"line":12,"column":29},"end":{"line":14,"column":5}},"line":12}},"branchMap":{},"s":{"0":1,"1":1,"2":1,"3":1},"f":{"0":1,"1":1},"b":{},"_coverageSchema":"1a1c01bbd47fc00a2c39e90264f33305004495a9","hash":"babe93cc47ec3b5592e3a37fc06aab452b65c137"}
,"C:\\Users\\Lenovo\\Desktop\\portofolio\\finalproject\\meetyou-server\\models\\image.js": {"path":"C:\\Users\\Lenovo\\Desktop\\portofolio\\finalproject\\meetyou-server\\models\\image.js","statementMap":{"0":{"start":{"line":2,"column":18},"end":{"line":2,"column":38}},"1":{"start":{"line":3,"column":0},"end":{"line":26,"column":2}},"2":{"start":{"line":12,"column":6},"end":{"line":12,"column":63}},"3":{"start":{"line":15,"column":2},"end":{"line":24,"column":4}},"4":{"start":{"line":25,"column":2},"end":{"line":25,"column":15}}},"fnMap":{"0":{"name":"(anonymous_0)","decl":{"start":{"line":3,"column":17},"end":{"line":3,"column":18}},"loc":{"start":{"line":3,"column":43},"end":{"line":26,"column":1}},"line":3},"1":{"name":"(anonymous_1)","decl":{"start":{"line":10,"column":4},"end":{"line":10,"column":5}},"loc":{"start":{"line":10,"column":29},"end":{"line":13,"column":5}},"line":10}},"branchMap":{},"s":{"0":1,"1":1,"2":1,"3":1,"4":1},"f":{"0":1,"1":1},"b":{},"_coverageSchema":"1a1c01bbd47fc00a2c39e90264f33305004495a9","hash":"1aa0a5b2f0d85053a09fca6bca0ca52d216575f2"}
,"C:\\Users\\Lenovo\\Desktop\\portofolio\\finalproject\\meetyou-server\\models\\index.js": {"path":"C:\\Users\\Lenovo\\Desktop\\portofolio\\finalproject\\meetyou-server\\models\\index.js","statementMap":{"0":{"start":{"line":3,"column":11},"end":{"line":3,"column":24}},"1":{"start":{"line":4,"column":13},"end":{"line":4,"column":28}},"2":{"start":{"line":5,"column":18},"end":{"line":5,"column":38}},"3":{"start":{"line":6,"column":17},"end":{"line":6,"column":42}},"4":{"start":{"line":7,"column":12},"end":{"line":7,"column":49}},"5":{"start":{"line":8,"column":15},"end":{"line":8,"column":65}},"6":{"start":{"line":9,"column":11},"end":{"line":9,"column":13}},"7":{"start":{"line":12,"column":0},"end":{"line":16,"column":1}},"8":{"start":{"line":13,"column":2},"end":{"line":13,"column":74}},"9":{"start":{"line":15,"column":2},"end":{"line":15,"column":87}},"10":{"start":{"line":18,"column":0},"end":{"line":26,"column":5}},"11":{"start":{"line":21,"column":4},"end":{"line":21,"column":90}},"12":{"start":{"line":24,"column":18},"end":{"line":24,"column":85}},"13":{"start":{"line":25,"column":4},"end":{"line":25,"column":27}},"14":{"start":{"line":28,"column":0},"end":{"line":32,"column":3}},"15":{"start":{"line":29,"column":2},"end":{"line":31,"column":3}},"16":{"start":{"line":30,"column":4},"end":{"line":30,"column":32}},"17":{"start":{"line":34,"column":0},"end":{"line":34,"column":25}},"18":{"start":{"line":35,"column":0},"end":{"line":35,"column":25}},"19":{"start":{"line":37,"column":0},"end":{"line":37,"column":20}}},"fnMap":{"0":{"name":"(anonymous_0)","decl":{"start":{"line":20,"column":10},"end":{"line":20,"column":11}},"loc":{"start":{"line":20,"column":18},"end":{"line":22,"column":3}},"line":20},"1":{"name":"(anonymous_1)","decl":{"start":{"line":23,"column":11},"end":{"line":23,"column":12}},"loc":{"start":{"line":23,"column":19},"end":{"line":26,"column":3}},"line":23},"2":{"name":"(anonymous_2)","decl":{"start":{"line":28,"column":24},"end":{"line":28,"column":25}},"loc":{"start":{"line":28,"column":37},"end":{"line":32,"column":1}},"line":28}},"branchMap":{"0":{"loc":{"start":{"line":7,"column":12},"end":{"line":7,"column":49}},"type":"binary-expr","locations":[{"start":{"line":7,"column":12},"end":{"line":7,"column":32}},{"start":{"line":7,"column":36},"end":{"line":7,"column":49}}],"line":7},"1":{"loc":{"start":{"line":12,"column":0},"end":{"line":16,"column":1}},"type":"if","locations":[{"start":{"line":12,"column":0},"end":{"line":16,"column":1}},{"start":{"line":12,"column":0},"end":{"line":16,"column":1}}],"line":12},"2":{"loc":{"start":{"line":21,"column":11},"end":{"line":21,"column":89}},"type":"binary-expr","locations":[{"start":{"line":21,"column":12},"end":{"line":21,"column":35}},{"start":{"line":21,"column":41},"end":{"line":21,"column":58}},{"start":{"line":21,"column":64},"end":{"line":21,"column":88}}],"line":21},"3":{"loc":{"start":{"line":29,"column":2},"end":{"line":31,"column":3}},"type":"if","locations":[{"start":{"line":29,"column":2},"end":{"line":31,"column":3}},{"start":{"line":29,"column":2},"end":{"line":31,"column":3}}],"line":29}},"s":{"0":1,"1":1,"2":1,"3":1,"4":1,"5":1,"6":1,"7":1,"8":0,"9":1,"10":1,"11":7,"12":6,"13":6,"14":1,"15":6,"16":6,"17":1,"18":1,"19":1},"f":{"0":7,"1":6,"2":6},"b":{"0":[1,0],"1":[0,1],"2":[7,7,6],"3":[6,0]},"_coverageSchema":"1a1c01bbd47fc00a2c39e90264f33305004495a9","hash":"26022c4c759a7278f716b0fc7f74f710ec56cf76"}
,"C:\\Users\\Lenovo\\Desktop\\portofolio\\finalproject\\meetyou-server\\models\\interest.js": {"path":"C:\\Users\\Lenovo\\Desktop\\portofolio\\finalproject\\meetyou-server\\models\\interest.js","statementMap":{"0":{"start":{"line":2,"column":18},"end":{"line":2,"column":38}},"1":{"start":{"line":3,"column":0},"end":{"line":25,"column":2}},"2":{"start":{"line":12,"column":6},"end":{"line":12,"column":74}},"3":{"start":{"line":15,"column":2},"end":{"line":23,"column":4}},"4":{"start":{"line":24,"column":2},"end":{"line":24,"column":18}}},"fnMap":{"0":{"name":"(anonymous_0)","decl":{"start":{"line":3,"column":17},"end":{"line":3,"column":18}},"loc":{"start":{"line":3,"column":43},"end":{"line":25,"column":1}},"line":3},"1":{"name":"(anonymous_1)","decl":{"start":{"line":10,"column":4},"end":{"line":10,"column":5}},"loc":{"start":{"line":10,"column":29},"end":{"line":13,"column":5}},"line":10}},"branchMap":{},"s":{"0":1,"1":1,"2":1,"3":1,"4":1},"f":{"0":1,"1":1},"b":{},"_coverageSchema":"1a1c01bbd47fc00a2c39e90264f33305004495a9","hash":"5a3c22ee964186a50445691e2f8b0de20eac55a7"}
,"C:\\Users\\Lenovo\\Desktop\\portofolio\\finalproject\\meetyou-server\\models\\like.js": {"path":"C:\\Users\\Lenovo\\Desktop\\portofolio\\finalproject\\meetyou-server\\models\\like.js","statementMap":{"0":{"start":{"line":2,"column":18},"end":{"line":2,"column":38}},"1":{"start":{"line":3,"column":0},"end":{"line":29,"column":2}},"2":{"start":{"line":12,"column":6},"end":{"line":12,"column":75}},"3":{"start":{"line":13,"column":6},"end":{"line":13,"column":75}},"4":{"start":{"line":16,"column":2},"end":{"line":27,"column":4}},"5":{"start":{"line":28,"column":2},"end":{"line":28,"column":14}}},"fnMap":{"0":{"name":"(anonymous_0)","decl":{"start":{"line":3,"column":17},"end":{"line":3,"column":18}},"loc":{"start":{"line":3,"column":43},"end":{"line":29,"column":1}},"line":3},"1":{"name":"(anonymous_1)","decl":{"start":{"line":10,"column":4},"end":{"line":10,"column":5}},"loc":{"start":{"line":10,"column":29},"end":{"line":14,"column":5}},"line":10}},"branchMap":{},"s":{"0":1,"1":1,"2":1,"3":1,"4":1,"5":1},"f":{"0":1,"1":1},"b":{},"_coverageSchema":"1a1c01bbd47fc00a2c39e90264f33305004495a9","hash":"ac361851c6cdcc99ce77f6d5cced9ce99788393e"}
,"C:\\Users\\Lenovo\\Desktop\\portofolio\\finalproject\\meetyou-server\\models\\user.js": {"path":"C:\\Users\\Lenovo\\Desktop\\portofolio\\finalproject\\meetyou-server\\models\\user.js","statementMap":{"0":{"start":{"line":2,"column":18},"end":{"line":2,"column":38}},"1":{"start":{"line":3,"column":19},"end":{"line":3,"column":47}},"2":{"start":{"line":4,"column":0},"end":{"line":130,"column":2}},"3":{"start":{"line":13,"column":6},"end":{"line":13,"column":74}},"4":{"start":{"line":14,"column":6},"end":{"line":14,"column":74}},"5":{"start":{"line":16,"column":6},"end":{"line":16,"column":66}},"6":{"start":{"line":17,"column":6},"end":{"line":17,"column":61}},"7":{"start":{"line":20,"column":2},"end":{"line":124,"column":4}},"8":{"start":{"line":126,"column":2},"end":{"line":128,"column":5}},"9":{"start":{"line":127,"column":4},"end":{"line":127,"column":50}},"10":{"start":{"line":129,"column":2},"end":{"line":129,"column":14}}},"fnMap":{"0":{"name":"(anonymous_0)","decl":{"start":{"line":4,"column":17},"end":{"line":4,"column":18}},"loc":{"start":{"line":4,"column":43},"end":{"line":130,"column":1}},"line":4},"1":{"name":"(anonymous_1)","decl":{"start":{"line":11,"column":4},"end":{"line":11,"column":5}},"loc":{"start":{"line":11,"column":29},"end":{"line":18,"column":5}},"line":11},"2":{"name":"(anonymous_2)","decl":{"start":{"line":126,"column":20},"end":{"line":126,"column":21}},"loc":{"start":{"line":126,"column":43},"end":{"line":128,"column":3}},"line":126}},"branchMap":{},"s":{"0":1,"1":1,"2":1,"3":1,"4":1,"5":1,"6":1,"7":1,"8":1,"9":4,"10":1},"f":{"0":1,"1":1,"2":4},"b":{},"_coverageSchema":"1a1c01bbd47fc00a2c39e90264f33305004495a9","hash":"da1c250ed0b16907c2faac7b535c57eb648127a0"}
,"C:\\Users\\Lenovo\\Desktop\\portofolio\\finalproject\\meetyou-server\\models\\userinterest.js": {"path":"C:\\Users\\Lenovo\\Desktop\\portofolio\\finalproject\\meetyou-server\\models\\userinterest.js","statementMap":{"0":{"start":{"line":2,"column":18},"end":{"line":2,"column":38}},"1":{"start":{"line":3,"column":0},"end":{"line":27,"column":2}},"2":{"start":{"line":12,"column":6},"end":{"line":12,"column":68}},"3":{"start":{"line":13,"column":6},"end":{"line":13,"column":76}},"4":{"start":{"line":16,"column":2},"end":{"line":25,"column":4}},"5":{"start":{"line":26,"column":2},"end":{"line":26,"column":22}}},"fnMap":{"0":{"name":"(anonymous_0)","decl":{"start":{"line":3,"column":17},"end":{"line":3,"column":18}},"loc":{"start":{"line":3,"column":43},"end":{"line":27,"column":1}},"line":3},"1":{"name":"(anonymous_1)","decl":{"start":{"line":10,"column":4},"end":{"line":10,"column":5}},"loc":{"start":{"line":10,"column":29},"end":{"line":14,"column":5}},"line":10}},"branchMap":{},"s":{"0":1,"1":1,"2":1,"3":1,"4":1,"5":1},"f":{"0":1,"1":1},"b":{},"_coverageSchema":"1a1c01bbd47fc00a2c39e90264f33305004495a9","hash":"8b91ffd5afc7519df83e6750d8b56896f1505b46"}
,"C:\\Users\\Lenovo\\Desktop\\portofolio\\finalproject\\meetyou-server\\routes\\index.js": {"path":"C:\\Users\\Lenovo\\Desktop\\portofolio\\finalproject\\meetyou-server\\routes\\index.js","statementMap":{"0":{"start":{"line":1,"column":15},"end":{"line":1,"column":42}},"1":{"start":{"line":2,"column":24},"end":{"line":2,"column":65}},"2":{"start":{"line":3,"column":23},"end":{"line":3,"column":63}},"3":{"start":{"line":4,"column":25},"end":{"line":4,"column":65}},"4":{"start":{"line":5,"column":27},"end":{"line":5,"column":57}},"5":{"start":{"line":8,"column":0},"end":{"line":8,"column":44}},"6":{"start":{"line":9,"column":0},"end":{"line":9,"column":50}},"7":{"start":{"line":16,"column":0},"end":{"line":16,"column":27}},"8":{"start":{"line":17,"column":0},"end":{"line":17,"column":57}},"9":{"start":{"line":18,"column":0},"end":{"line":18,"column":51}},"10":{"start":{"line":20,"column":0},"end":{"line":20,"column":52}},"11":{"start":{"line":23,"column":0},"end":{"line":23,"column":50}},"12":{"start":{"line":27,"column":0},"end":{"line":27,"column":55}},"13":{"start":{"line":30,"column":0},"end":{"line":30,"column":53}},"14":{"start":{"line":36,"column":0},"end":{"line":36,"column":20}},"15":{"start":{"line":37,"column":0},"end":{"line":37,"column":21}},"16":{"start":{"line":39,"column":0},"end":{"line":39,"column":25}},"17":{"start":{"line":41,"column":0},"end":{"line":41,"column":22}},"18":{"start":{"line":42,"column":0},"end":{"line":42,"column":23}},"19":{"start":{"line":43,"column":0},"end":{"line":43,"column":22}},"20":{"start":{"line":45,"column":0},"end":{"line":45,"column":21}},"21":{"start":{"line":47,"column":0},"end":{"line":47,"column":25}},"22":{"start":{"line":49,"column":0},"end":{"line":49,"column":24}}},"fnMap":{},"branchMap":{},"s":{"0":1,"1":1,"2":1,"3":1,"4":1,"5":1,"6":1,"7":1,"8":1,"9":1,"10":1,"11":1,"12":1,"13":1,"14":1,"15":1,"16":1,"17":1,"18":1,"19":1,"20":1,"21":1,"22":1},"f":{},"b":{},"_coverageSchema":"1a1c01bbd47fc00a2c39e90264f33305004495a9","hash":"4bb76c9c9211fd94094df3897d2423a2f38dcdbb"}
}
