{"C:\\Users\\SONY\\Documents\\Immersive\\FinalProjectDatingApp\\meetyou-server\\app.js": {"path":"C:\\Users\\SONY\\Documents\\Immersive\\FinalProjectDatingApp\\meetyou-server\\app.js","statementMap":{"0":{"start":{"line":1,"column":0},"end":{"line":1,"column":27}},"1":{"start":{"line":2,"column":16},"end":{"line":2,"column":34}},"2":{"start":{"line":3,"column":12},"end":{"line":3,"column":21}},"3":{"start":{"line":4,"column":13},"end":{"line":4,"column":28}},"4":{"start":{"line":5,"column":13},"end":{"line":5,"column":37}},"5":{"start":{"line":6,"column":15},"end":{"line":6,"column":40}},"6":{"start":{"line":8,"column":0},"end":{"line":8,"column":16}},"7":{"start":{"line":9,"column":0},"end":{"line":9,"column":24}},"8":{"start":{"line":10,"column":0},"end":{"line":10,"column":48}},"9":{"start":{"line":11,"column":0},"end":{"line":11,"column":21}},"10":{"start":{"line":13,"column":0},"end":{"line":15,"column":3}},"11":{"start":{"line":14,"column":2},"end":{"line":14,"column":54}},"12":{"start":{"line":17,"column":0},"end":{"line":17,"column":21}}},"fnMap":{"0":{"name":"(anonymous_0)","decl":{"start":{"line":13,"column":17},"end":{"line":13,"column":18}},"loc":{"start":{"line":13,"column":23},"end":{"line":15,"column":1}},"line":13}},"branchMap":{"0":{"loc":{"start":{"line":5,"column":13},"end":{"line":5,"column":37}},"type":"binary-expr","locations":[{"start":{"line":5,"column":13},"end":{"line":5,"column":29}},{"start":{"line":5,"column":33},"end":{"line":5,"column":37}}],"line":5}},"s":{"0":2,"1":2,"2":2,"3":2,"4":2,"5":2,"6":2,"7":2,"8":2,"9":2,"10":2,"11":1,"12":2},"f":{"0":1},"b":{"0":[2,2]},"_coverageSchema":"1a1c01bbd47fc00a2c39e90264f33305004495a9","hash":"7e77216e7a8a7cd6d27d6f00885b4a7e764c5acc"}
,"C:\\Users\\SONY\\Documents\\Immersive\\FinalProjectDatingApp\\meetyou-server\\controllers\\chatController.js": {"path":"C:\\Users\\SONY\\Documents\\Immersive\\FinalProjectDatingApp\\meetyou-server\\controllers\\chatController.js","statementMap":{"0":{"start":{"line":1,"column":29},"end":{"line":1,"column":49}},"1":{"start":{"line":4,"column":19},"end":{"line":4,"column":27}},"2":{"start":{"line":5,"column":4},"end":{"line":24,"column":5}},"3":{"start":{"line":6,"column":29},"end":{"line":11,"column":8}},"4":{"start":{"line":13,"column":29},"end":{"line":18,"column":8}},"5":{"start":{"line":20,"column":6},"end":{"line":20,"column":63}},"6":{"start":{"line":22,"column":6},"end":{"line":22,"column":25}},"7":{"start":{"line":23,"column":6},"end":{"line":23,"column":18}},"8":{"start":{"line":28,"column":0},"end":{"line":28,"column":32}}},"fnMap":{"0":{"name":"(anonymous_0)","decl":{"start":{"line":3,"column":2},"end":{"line":3,"column":3}},"loc":{"start":{"line":3,"column":39},"end":{"line":25,"column":3}},"line":3}},"branchMap":{},"s":{"0":2,"1":0,"2":0,"3":0,"4":0,"5":0,"6":0,"7":0,"8":2},"f":{"0":0},"b":{},"_coverageSchema":"1a1c01bbd47fc00a2c39e90264f33305004495a9","hash":"2c6c9e33c952d0353d50ece8f85e195ee71f1d1f"}
,"C:\\Users\\SONY\\Documents\\Immersive\\FinalProjectDatingApp\\meetyou-server\\controllers\\interestController.js": {"path":"C:\\Users\\SONY\\Documents\\Immersive\\FinalProjectDatingApp\\meetyou-server\\controllers\\interestController.js","statementMap":{"0":{"start":{"line":1,"column":41},"end":{"line":1,"column":61}},"1":{"start":{"line":4,"column":4},"end":{"line":11,"column":5}},"2":{"start":{"line":5,"column":27},"end":{"line":7,"column":8}},"3":{"start":{"line":8,"column":6},"end":{"line":8,"column":41}},"4":{"start":{"line":10,"column":6},"end":{"line":10,"column":18}},"5":{"start":{"line":15,"column":19},"end":{"line":15,"column":27}},"6":{"start":{"line":17,"column":4},"end":{"line":43,"column":5}},"7":{"start":{"line":18,"column":27},"end":{"line":39,"column":8}},"8":{"start":{"line":40,"column":6},"end":{"line":40,"column":41}},"9":{"start":{"line":42,"column":6},"end":{"line":42,"column":18}},"10":{"start":{"line":47,"column":0},"end":{"line":47,"column":36}}},"fnMap":{"0":{"name":"(anonymous_0)","decl":{"start":{"line":3,"column":2},"end":{"line":3,"column":3}},"loc":{"start":{"line":3,"column":43},"end":{"line":12,"column":3}},"line":3},"1":{"name":"(anonymous_1)","decl":{"start":{"line":14,"column":2},"end":{"line":14,"column":3}},"loc":{"start":{"line":14,"column":48},"end":{"line":44,"column":3}},"line":14}},"branchMap":{},"s":{"0":2,"1":0,"2":0,"3":0,"4":0,"5":0,"6":0,"7":0,"8":0,"9":0,"10":2},"f":{"0":0,"1":0},"b":{},"_coverageSchema":"1a1c01bbd47fc00a2c39e90264f33305004495a9","hash":"77cfea5266ef1658b12453d7b69af536ea119bad"}
,"C:\\Users\\SONY\\Documents\\Immersive\\FinalProjectDatingApp\\meetyou-server\\controllers\\swipeController.js": {"path":"C:\\Users\\SONY\\Documents\\Immersive\\FinalProjectDatingApp\\meetyou-server\\controllers\\swipeController.js","statementMap":{"0":{"start":{"line":8,"column":4},"end":{"line":8,"column":24}},"1":{"start":{"line":9,"column":15},"end":{"line":9,"column":35}},"2":{"start":{"line":11,"column":21},"end":{"line":11,"column":51}},"3":{"start":{"line":16,"column":65},"end":{"line":16,"column":73}},"4":{"start":{"line":17,"column":23},"end":{"line":17,"column":62}},"5":{"start":{"line":19,"column":4},"end":{"line":67,"column":5}},"6":{"start":{"line":21,"column":29},"end":{"line":25,"column":8}},"7":{"start":{"line":26,"column":22},"end":{"line":28,"column":8}},"8":{"start":{"line":27,"column":8},"end":{"line":27,"column":28}},"9":{"start":{"line":31,"column":25},"end":{"line":38,"column":8}},"10":{"start":{"line":39,"column":26},"end":{"line":41,"column":8}},"11":{"start":{"line":40,"column":8},"end":{"line":40,"column":28}},"12":{"start":{"line":43,"column":23},"end":{"line":56,"column":8}},"13":{"start":{"line":58,"column":25},"end":{"line":63,"column":8}},"14":{"start":{"line":59,"column":8},"end":{"line":62,"column":9}},"15":{"start":{"line":61,"column":10},"end":{"line":61,"column":22}},"16":{"start":{"line":64,"column":6},"end":{"line":64,"column":41}},"17":{"start":{"line":66,"column":6},"end":{"line":66,"column":34}},"18":{"start":{"line":71,"column":54},"end":{"line":71,"column":62}},"19":{"start":{"line":72,"column":25},"end":{"line":72,"column":33}},"20":{"start":{"line":74,"column":4},"end":{"line":115,"column":5}},"21":{"start":{"line":76,"column":24},"end":{"line":81,"column":8}},"22":{"start":{"line":83,"column":6},"end":{"line":92,"column":7}},"23":{"start":{"line":84,"column":28},"end":{"line":89,"column":10}},"24":{"start":{"line":90,"column":8},"end":{"line":90,"column":42}},"25":{"start":{"line":93,"column":20},"end":{"line":104,"column":7}},"26":{"start":{"line":105,"column":21},"end":{"line":105,"column":32}},"27":{"start":{"line":106,"column":6},"end":{"line":112,"column":7}},"28":{"start":{"line":107,"column":27},"end":{"line":110,"column":10}},"29":{"start":{"line":111,"column":8},"end":{"line":111,"column":41}},"30":{"start":{"line":114,"column":6},"end":{"line":114,"column":34}},"31":{"start":{"line":119,"column":54},"end":{"line":119,"column":62}},"32":{"start":{"line":120,"column":25},"end":{"line":120,"column":33}},"33":{"start":{"line":122,"column":4},"end":{"line":157,"column":5}},"34":{"start":{"line":123,"column":24},"end":{"line":128,"column":8}},"35":{"start":{"line":130,"column":6},"end":{"line":154,"column":7}},"36":{"start":{"line":131,"column":27},"end":{"line":136,"column":10}},"37":{"start":{"line":137,"column":8},"end":{"line":137,"column":41}},"38":{"start":{"line":140,"column":24},"end":{"line":151,"column":9}},"39":{"start":{"line":152,"column":23},"end":{"line":152,"column":36}},"40":{"start":{"line":153,"column":8},"end":{"line":153,"column":37}},"41":{"start":{"line":156,"column":6},"end":{"line":156,"column":34}},"42":{"start":{"line":161,"column":0},"end":{"line":161,"column":33}}},"fnMap":{"0":{"name":"(anonymous_0)","decl":{"start":{"line":15,"column":2},"end":{"line":15,"column":3}},"loc":{"start":{"line":15,"column":44},"end":{"line":68,"column":3}},"line":15},"1":{"name":"(anonymous_1)","decl":{"start":{"line":26,"column":47},"end":{"line":26,"column":48}},"loc":{"start":{"line":26,"column":57},"end":{"line":28,"column":7}},"line":26},"2":{"name":"(anonymous_2)","decl":{"start":{"line":39,"column":47},"end":{"line":39,"column":48}},"loc":{"start":{"line":39,"column":57},"end":{"line":41,"column":7}},"line":39},"3":{"name":"(anonymous_3)","decl":{"start":{"line":58,"column":47},"end":{"line":58,"column":48}},"loc":{"start":{"line":58,"column":57},"end":{"line":63,"column":7}},"line":58},"4":{"name":"(anonymous_4)","decl":{"start":{"line":70,"column":2},"end":{"line":70,"column":3}},"loc":{"start":{"line":70,"column":42},"end":{"line":116,"column":3}},"line":70},"5":{"name":"(anonymous_5)","decl":{"start":{"line":118,"column":2},"end":{"line":118,"column":3}},"loc":{"start":{"line":118,"column":41},"end":{"line":158,"column":3}},"line":118}},"branchMap":{"0":{"loc":{"start":{"line":17,"column":23},"end":{"line":17,"column":62}},"type":"cond-expr","locations":[{"start":{"line":17,"column":45},"end":{"line":17,"column":51}},{"start":{"line":17,"column":54},"end":{"line":17,"column":62}}],"line":17},"1":{"loc":{"start":{"line":59,"column":8},"end":{"line":62,"column":9}},"type":"if","locations":[{"start":{"line":59,"column":8},"end":{"line":62,"column":9}},{"start":{"line":59,"column":8},"end":{"line":62,"column":9}}],"line":59},"2":{"loc":{"start":{"line":59,"column":12},"end":{"line":60,"column":77}},"type":"binary-expr","locations":[{"start":{"line":59,"column":12},"end":{"line":59,"column":40}},{"start":{"line":59,"column":45},"end":{"line":59,"column":77}},{"start":{"line":59,"column":81},"end":{"line":59,"column":95}},{"start":{"line":60,"column":11},"end":{"line":60,"column":77}}],"line":59},"3":{"loc":{"start":{"line":83,"column":6},"end":{"line":92,"column":7}},"type":"if","locations":[{"start":{"line":83,"column":6},"end":{"line":92,"column":7}},{"start":{"line":83,"column":6},"end":{"line":92,"column":7}}],"line":83},"4":{"loc":{"start":{"line":106,"column":6},"end":{"line":112,"column":7}},"type":"if","locations":[{"start":{"line":106,"column":6},"end":{"line":112,"column":7}},{"start":{"line":106,"column":6},"end":{"line":112,"column":7}}],"line":106},"5":{"loc":{"start":{"line":106,"column":10},"end":{"line":106,"column":61}},"type":"binary-expr","locations":[{"start":{"line":106,"column":10},"end":{"line":106,"column":29}},{"start":{"line":106,"column":33},"end":{"line":106,"column":61}}],"line":106},"6":{"loc":{"start":{"line":130,"column":6},"end":{"line":154,"column":7}},"type":"if","locations":[{"start":{"line":130,"column":6},"end":{"line":154,"column":7}},{"start":{"line":130,"column":6},"end":{"line":154,"column":7}}],"line":130}},"s":{"0":2,"1":2,"2":2,"3":0,"4":0,"5":0,"6":0,"7":0,"8":0,"9":0,"10":0,"11":0,"12":0,"13":0,"14":0,"15":0,"16":0,"17":0,"18":0,"19":0,"20":0,"21":0,"22":0,"23":0,"24":0,"25":0,"26":0,"27":0,"28":0,"29":0,"30":0,"31":0,"32":0,"33":0,"34":0,"35":0,"36":0,"37":0,"38":0,"39":0,"40":0,"41":0,"42":2},"f":{"0":0,"1":0,"2":0,"3":0,"4":0,"5":0},"b":{"0":[0,0],"1":[0,0],"2":[0,0,0,0],"3":[0,0],"4":[0,0],"5":[0,0],"6":[0,0]},"_coverageSchema":"1a1c01bbd47fc00a2c39e90264f33305004495a9","hash":"7c426c5f42838c3c2af4e9d192101ff7a0b22024"}
,"C:\\Users\\SONY\\Documents\\Immersive\\FinalProjectDatingApp\\meetyou-server\\controllers\\userController.js": {"path":"C:\\Users\\SONY\\Documents\\Immersive\\FinalProjectDatingApp\\meetyou-server\\controllers\\userController.js","statementMap":{"0":{"start":{"line":1,"column":59},"end":{"line":1,"column":85}},"1":{"start":{"line":2,"column":19},"end":{"line":2,"column":47}},"2":{"start":{"line":3,"column":17},"end":{"line":3,"column":42}},"3":{"start":{"line":8,"column":32},"end":{"line":8,"column":40}},"4":{"start":{"line":10,"column":4},"end":{"line":32,"column":5}},"5":{"start":{"line":11,"column":24},"end":{"line":11,"column":64}},"6":{"start":{"line":12,"column":6},"end":{"line":14,"column":7}},"7":{"start":{"line":13,"column":8},"end":{"line":13,"column":75}},"8":{"start":{"line":15,"column":22},"end":{"line":15,"column":58}},"9":{"start":{"line":16,"column":6},"end":{"line":18,"column":7}},"10":{"start":{"line":17,"column":8},"end":{"line":17,"column":75}},"11":{"start":{"line":20,"column":27},"end":{"line":23,"column":8}},"12":{"start":{"line":24,"column":6},"end":{"line":28,"column":9}},"13":{"start":{"line":31,"column":6},"end":{"line":31,"column":18}},"14":{"start":{"line":46,"column":8},"end":{"line":46,"column":16}},"15":{"start":{"line":47,"column":14},"end":{"line":47,"column":43}},"16":{"start":{"line":48,"column":4},"end":{"line":75,"column":5}},"17":{"start":{"line":49,"column":22},"end":{"line":52,"column":7}},"18":{"start":{"line":54,"column":23},"end":{"line":62,"column":8}},"19":{"start":{"line":55,"column":8},"end":{"line":61,"column":10}},"20":{"start":{"line":64,"column":6},"end":{"line":71,"column":11}},"21":{"start":{"line":66,"column":10},"end":{"line":66,"column":27}},"22":{"start":{"line":67,"column":10},"end":{"line":67,"column":40}},"23":{"start":{"line":70,"column":10},"end":{"line":70,"column":22}},"24":{"start":{"line":73,"column":6},"end":{"line":73,"column":25}},"25":{"start":{"line":74,"column":6},"end":{"line":74,"column":18}},"26":{"start":{"line":88,"column":8},"end":{"line":88,"column":16}},"27":{"start":{"line":90,"column":19},"end":{"line":90,"column":27}},"28":{"start":{"line":92,"column":4},"end":{"line":133,"column":5}},"29":{"start":{"line":93,"column":23},"end":{"line":93,"column":46}},"30":{"start":{"line":94,"column":6},"end":{"line":99,"column":7}},"31":{"start":{"line":95,"column":8},"end":{"line":98,"column":10}},"32":{"start":{"line":100,"column":28},"end":{"line":111,"column":7}},"33":{"start":{"line":113,"column":22},"end":{"line":113,"column":41}},"34":{"start":{"line":115,"column":23},"end":{"line":120,"column":8}},"35":{"start":{"line":116,"column":8},"end":{"line":119,"column":11}},"36":{"start":{"line":122,"column":6},"end":{"line":128,"column":11}},"37":{"start":{"line":124,"column":10},"end":{"line":124,"column":34}},"38":{"start":{"line":127,"column":10},"end":{"line":127,"column":22}},"39":{"start":{"line":130,"column":6},"end":{"line":130,"column":36}},"40":{"start":{"line":132,"column":6},"end":{"line":132,"column":18}},"41":{"start":{"line":140,"column":8},"end":{"line":140,"column":16}},"42":{"start":{"line":142,"column":19},"end":{"line":142,"column":27}},"43":{"start":{"line":144,"column":4},"end":{"line":166,"column":5}},"44":{"start":{"line":145,"column":23},"end":{"line":145,"column":46}},"45":{"start":{"line":146,"column":6},"end":{"line":151,"column":7}},"46":{"start":{"line":147,"column":8},"end":{"line":150,"column":10}},"47":{"start":{"line":152,"column":36},"end":{"line":158,"column":7}},"48":{"start":{"line":160,"column":22},"end":{"line":160,"column":49}},"49":{"start":{"line":162,"column":6},"end":{"line":162,"column":36}},"50":{"start":{"line":164,"column":6},"end":{"line":164,"column":20}},"51":{"start":{"line":165,"column":6},"end":{"line":165,"column":18}},"52":{"start":{"line":170,"column":19},"end":{"line":170,"column":27}},"53":{"start":{"line":171,"column":4},"end":{"line":183,"column":5}},"54":{"start":{"line":172,"column":19},"end":{"line":179,"column":8}},"55":{"start":{"line":180,"column":6},"end":{"line":180,"column":33}},"56":{"start":{"line":182,"column":6},"end":{"line":182,"column":18}},"57":{"start":{"line":187,"column":0},"end":{"line":187,"column":32}}},"fnMap":{"0":{"name":"(anonymous_0)","decl":{"start":{"line":7,"column":2},"end":{"line":7,"column":3}},"loc":{"start":{"line":7,"column":37},"end":{"line":33,"column":3}},"line":7},"1":{"name":"(anonymous_1)","decl":{"start":{"line":35,"column":2},"end":{"line":35,"column":3}},"loc":{"start":{"line":35,"column":40},"end":{"line":76,"column":3}},"line":35},"2":{"name":"(anonymous_2)","decl":{"start":{"line":54,"column":38},"end":{"line":54,"column":39}},"loc":{"start":{"line":54,"column":58},"end":{"line":62,"column":7}},"line":54},"3":{"name":"(anonymous_3)","decl":{"start":{"line":65,"column":14},"end":{"line":65,"column":15}},"loc":{"start":{"line":65,"column":27},"end":{"line":68,"column":9}},"line":65},"4":{"name":"(anonymous_4)","decl":{"start":{"line":69,"column":15},"end":{"line":69,"column":16}},"loc":{"start":{"line":69,"column":26},"end":{"line":71,"column":9}},"line":69},"5":{"name":"(anonymous_5)","decl":{"start":{"line":78,"column":2},"end":{"line":78,"column":3}},"loc":{"start":{"line":78,"column":43},"end":{"line":134,"column":3}},"line":78},"6":{"name":"(anonymous_6)","decl":{"start":{"line":115,"column":34},"end":{"line":115,"column":35}},"loc":{"start":{"line":115,"column":49},"end":{"line":120,"column":7}},"line":115},"7":{"name":"(anonymous_7)","decl":{"start":{"line":123,"column":14},"end":{"line":123,"column":15}},"loc":{"start":{"line":123,"column":27},"end":{"line":125,"column":9}},"line":123},"8":{"name":"(anonymous_8)","decl":{"start":{"line":126,"column":15},"end":{"line":126,"column":16}},"loc":{"start":{"line":126,"column":26},"end":{"line":128,"column":9}},"line":126},"9":{"name":"(anonymous_9)","decl":{"start":{"line":136,"column":2},"end":{"line":136,"column":3}},"loc":{"start":{"line":136,"column":51},"end":{"line":167,"column":3}},"line":136},"10":{"name":"(anonymous_10)","decl":{"start":{"line":169,"column":2},"end":{"line":169,"column":3}},"loc":{"start":{"line":169,"column":44},"end":{"line":184,"column":3}},"line":169}},"branchMap":{"0":{"loc":{"start":{"line":12,"column":6},"end":{"line":14,"column":7}},"type":"if","locations":[{"start":{"line":12,"column":6},"end":{"line":14,"column":7}},{"start":{"line":12,"column":6},"end":{"line":14,"column":7}}],"line":12},"1":{"loc":{"start":{"line":16,"column":6},"end":{"line":18,"column":7}},"type":"if","locations":[{"start":{"line":16,"column":6},"end":{"line":18,"column":7}},{"start":{"line":16,"column":6},"end":{"line":18,"column":7}}],"line":16},"2":{"loc":{"start":{"line":94,"column":6},"end":{"line":99,"column":7}},"type":"if","locations":[{"start":{"line":94,"column":6},"end":{"line":99,"column":7}},{"start":{"line":94,"column":6},"end":{"line":99,"column":7}}],"line":94},"3":{"loc":{"start":{"line":146,"column":6},"end":{"line":151,"column":7}},"type":"if","locations":[{"start":{"line":146,"column":6},"end":{"line":151,"column":7}},{"start":{"line":146,"column":6},"end":{"line":151,"column":7}}],"line":146}},"s":{"0":2,"1":2,"2":2,"3":4,"4":4,"5":4,"6":4,"7":0,"8":4,"9":4,"10":0,"11":4,"12":4,"13":0,"14":15,"15":15,"16":15,"17":15,"18":2,"19":6,"20":2,"21":2,"22":2,"23":0,"24":13,"25":13,"26":0,"27":0,"28":0,"29":0,"30":0,"31":0,"32":0,"33":0,"34":0,"35":0,"36":0,"37":0,"38":0,"39":0,"40":0,"41":0,"42":0,"43":0,"44":0,"45":0,"46":0,"47":0,"48":0,"49":0,"50":0,"51":0,"52":0,"53":0,"54":0,"55":0,"56":0,"57":2},"f":{"0":4,"1":15,"2":6,"3":2,"4":0,"5":0,"6":0,"7":0,"8":0,"9":0,"10":0},"b":{"0":[0,4],"1":[0,4],"2":[0,0],"3":[0,0]},"_coverageSchema":"1a1c01bbd47fc00a2c39e90264f33305004495a9","hash":"0cbd5dd15a9d22ef5c30c89f8508d2bb47b9024c"}
,"C:\\Users\\SONY\\Documents\\Immersive\\FinalProjectDatingApp\\meetyou-server\\controllers\\videoCallController.js": {"path":"C:\\Users\\SONY\\Documents\\Immersive\\FinalProjectDatingApp\\meetyou-server\\controllers\\videoCallController.js","statementMap":{"0":{"start":{"line":1,"column":14},"end":{"line":1,"column":30}},"1":{"start":{"line":3,"column":18},"end":{"line":3,"column":43}},"2":{"start":{"line":7,"column":8},"end":{"line":30,"column":9}},"3":{"start":{"line":8,"column":26},"end":{"line":26,"column":14}},"4":{"start":{"line":27,"column":12},"end":{"line":27,"column":57}},"5":{"start":{"line":29,"column":12},"end":{"line":29,"column":23}},"6":{"start":{"line":34,"column":8},"end":{"line":47,"column":9}},"7":{"start":{"line":35,"column":29},"end":{"line":35,"column":39}},"8":{"start":{"line":36,"column":23},"end":{"line":43,"column":14}},"9":{"start":{"line":44,"column":12},"end":{"line":44,"column":54}},"10":{"start":{"line":46,"column":12},"end":{"line":46,"column":23}},"11":{"start":{"line":51,"column":0},"end":{"line":51,"column":36}}},"fnMap":{"0":{"name":"(anonymous_0)","decl":{"start":{"line":6,"column":4},"end":{"line":6,"column":5}},"loc":{"start":{"line":6,"column":45},"end":{"line":31,"column":5}},"line":6},"1":{"name":"(anonymous_1)","decl":{"start":{"line":33,"column":4},"end":{"line":33,"column":5}},"loc":{"start":{"line":33,"column":42},"end":{"line":48,"column":5}},"line":33}},"branchMap":{},"s":{"0":2,"1":2,"2":2,"3":2,"4":0,"5":2,"6":2,"7":2,"8":2,"9":1,"10":1,"11":2},"f":{"0":2,"1":2},"b":{},"_coverageSchema":"1a1c01bbd47fc00a2c39e90264f33305004495a9","hash":"a3f77e21f1f2b7c323d8ce1529e3a6e7ed619e1b"}
,"C:\\Users\\SONY\\Documents\\Immersive\\FinalProjectDatingApp\\meetyou-server\\errorHandlers\\errorHandler.js": {"path":"C:\\Users\\SONY\\Documents\\Immersive\\FinalProjectDatingApp\\meetyou-server\\errorHandlers\\errorHandler.js","statementMap":{"0":{"start":{"line":1,"column":21},"end":{"line":27,"column":1}},"1":{"start":{"line":2,"column":13},"end":{"line":2,"column":16}},"2":{"start":{"line":3,"column":16},"end":{"line":3,"column":39}},"3":{"start":{"line":5,"column":2},"end":{"line":25,"column":3}},"4":{"start":{"line":6,"column":4},"end":{"line":6,"column":15}},"5":{"start":{"line":7,"column":4},"end":{"line":7,"column":28}},"6":{"start":{"line":8,"column":9},"end":{"line":25,"column":3}},"7":{"start":{"line":9,"column":4},"end":{"line":9,"column":15}},"8":{"start":{"line":10,"column":4},"end":{"line":10,"column":28}},"9":{"start":{"line":11,"column":9},"end":{"line":25,"column":3}},"10":{"start":{"line":12,"column":4},"end":{"line":12,"column":15}},"11":{"start":{"line":13,"column":4},"end":{"line":13,"column":28}},"12":{"start":{"line":14,"column":9},"end":{"line":25,"column":3}},"13":{"start":{"line":15,"column":4},"end":{"line":15,"column":15}},"14":{"start":{"line":16,"column":4},"end":{"line":16,"column":28}},"15":{"start":{"line":17,"column":9},"end":{"line":25,"column":3}},"16":{"start":{"line":18,"column":4},"end":{"line":18,"column":15}},"17":{"start":{"line":19,"column":4},"end":{"line":21,"column":7}},"18":{"start":{"line":20,"column":6},"end":{"line":20,"column":24}},"19":{"start":{"line":22,"column":9},"end":{"line":25,"column":3}},"20":{"start":{"line":23,"column":4},"end":{"line":23,"column":15}},"21":{"start":{"line":24,"column":4},"end":{"line":24,"column":40}},"22":{"start":{"line":26,"column":2},"end":{"line":26,"column":37}},"23":{"start":{"line":29,"column":0},"end":{"line":29,"column":34}}},"fnMap":{"0":{"name":"(anonymous_0)","decl":{"start":{"line":1,"column":21},"end":{"line":1,"column":22}},"loc":{"start":{"line":1,"column":48},"end":{"line":27,"column":1}},"line":1},"1":{"name":"(anonymous_1)","decl":{"start":{"line":19,"column":31},"end":{"line":19,"column":32}},"loc":{"start":{"line":19,"column":39},"end":{"line":21,"column":5}},"line":19}},"branchMap":{"0":{"loc":{"start":{"line":5,"column":2},"end":{"line":25,"column":3}},"type":"if","locations":[{"start":{"line":5,"column":2},"end":{"line":25,"column":3}},{"start":{"line":5,"column":2},"end":{"line":25,"column":3}}],"line":5},"1":{"loc":{"start":{"line":8,"column":9},"end":{"line":25,"column":3}},"type":"if","locations":[{"start":{"line":8,"column":9},"end":{"line":25,"column":3}},{"start":{"line":8,"column":9},"end":{"line":25,"column":3}}],"line":8},"2":{"loc":{"start":{"line":11,"column":9},"end":{"line":25,"column":3}},"type":"if","locations":[{"start":{"line":11,"column":9},"end":{"line":25,"column":3}},{"start":{"line":11,"column":9},"end":{"line":25,"column":3}}],"line":11},"3":{"loc":{"start":{"line":14,"column":9},"end":{"line":25,"column":3}},"type":"if","locations":[{"start":{"line":14,"column":9},"end":{"line":25,"column":3}},{"start":{"line":14,"column":9},"end":{"line":25,"column":3}}],"line":14},"4":{"loc":{"start":{"line":17,"column":9},"end":{"line":25,"column":3}},"type":"if","locations":[{"start":{"line":17,"column":9},"end":{"line":25,"column":3}},{"start":{"line":17,"column":9},"end":{"line":25,"column":3}}],"line":17},"5":{"loc":{"start":{"line":22,"column":9},"end":{"line":25,"column":3}},"type":"if","locations":[{"start":{"line":22,"column":9},"end":{"line":25,"column":3}},{"start":{"line":22,"column":9},"end":{"line":25,"column":3}}],"line":22}},"s":{"0":2,"1":16,"2":16,"3":16,"4":0,"5":0,"6":16,"7":0,"8":0,"9":16,"10":0,"11":0,"12":16,"13":0,"14":0,"15":16,"16":11,"17":11,"18":13,"19":5,"20":2,"21":2,"22":16,"23":2},"f":{"0":16,"1":13},"b":{"0":[0,16],"1":[0,16],"2":[0,16],"3":[0,16],"4":[11,5],"5":[2,3]},"_coverageSchema":"1a1c01bbd47fc00a2c39e90264f33305004495a9","hash":"76cdf6d67e482540dceb43fe248560023cfc323e"}
,"C:\\Users\\SONY\\Documents\\Immersive\\FinalProjectDatingApp\\meetyou-server\\helpers\\bcrypt.js": {"path":"C:\\Users\\SONY\\Documents\\Immersive\\FinalProjectDatingApp\\meetyou-server\\helpers\\bcrypt.js","statementMap":{"0":{"start":{"line":1,"column":15},"end":{"line":1,"column":34}},"1":{"start":{"line":2,"column":13},"end":{"line":2,"column":15}},"2":{"start":{"line":5,"column":2},"end":{"line":5,"column":45}},"3":{"start":{"line":9,"column":2},"end":{"line":9,"column":58}},"4":{"start":{"line":12,"column":0},"end":{"line":12,"column":35}}},"fnMap":{"0":{"name":"encode","decl":{"start":{"line":4,"column":9},"end":{"line":4,"column":15}},"loc":{"start":{"line":4,"column":31},"end":{"line":6,"column":1}},"line":4},"1":{"name":"decode","decl":{"start":{"line":8,"column":9},"end":{"line":8,"column":15}},"loc":{"start":{"line":8,"column":47},"end":{"line":10,"column":1}},"line":8}},"branchMap":{},"s":{"0":2,"1":2,"2":6,"3":4,"4":2},"f":{"0":6,"1":4},"b":{},"_coverageSchema":"1a1c01bbd47fc00a2c39e90264f33305004495a9","hash":"5df7924b4a8cec34f07ecf2fccc84f644ac43aca"}
,"C:\\Users\\SONY\\Documents\\Immersive\\FinalProjectDatingApp\\meetyou-server\\helpers\\distance.js": {"path":"C:\\Users\\SONY\\Documents\\Immersive\\FinalProjectDatingApp\\meetyou-server\\helpers\\distance.js","statementMap":{"0":{"start":{"line":6,"column":2},"end":{"line":6,"column":31}},"1":{"start":{"line":7,"column":2},"end":{"line":7,"column":30}},"2":{"start":{"line":8,"column":2},"end":{"line":8,"column":30}},"3":{"start":{"line":9,"column":2},"end":{"line":9,"column":30}},"4":{"start":{"line":12,"column":13},"end":{"line":12,"column":24}},"5":{"start":{"line":13,"column":13},"end":{"line":13,"column":24}},"6":{"start":{"line":14,"column":10},"end":{"line":16,"column":34}},"7":{"start":{"line":18,"column":10},"end":{"line":18,"column":37}},"8":{"start":{"line":22,"column":10},"end":{"line":22,"column":14}},"9":{"start":{"line":25,"column":2},"end":{"line":25,"column":16}},"10":{"start":{"line":28,"column":0},"end":{"line":28,"column":29}}},"fnMap":{"0":{"name":"distance","decl":{"start":{"line":1,"column":9},"end":{"line":1,"column":17}},"loc":{"start":{"line":1,"column":41},"end":{"line":26,"column":1}},"line":1}},"branchMap":{},"s":{"0":0,"1":0,"2":0,"3":0,"4":0,"5":0,"6":0,"7":0,"8":0,"9":0,"10":2},"f":{"0":0},"b":{},"_coverageSchema":"1a1c01bbd47fc00a2c39e90264f33305004495a9","hash":"172cfeb123059242f64271fdd0a2a47b9ba58986"}
,"C:\\Users\\SONY\\Documents\\Immersive\\FinalProjectDatingApp\\meetyou-server\\helpers\\jwt.js": {"path":"C:\\Users\\SONY\\Documents\\Immersive\\FinalProjectDatingApp\\meetyou-server\\helpers\\jwt.js","statementMap":{"0":{"start":{"line":1,"column":12},"end":{"line":1,"column":35}},"1":{"start":{"line":2,"column":19},"end":{"line":2,"column":54}},"2":{"start":{"line":5,"column":2},"end":{"line":5,"column":39}},"3":{"start":{"line":9,"column":2},"end":{"line":9,"column":39}},"4":{"start":{"line":12,"column":0},"end":{"line":12,"column":34}}},"fnMap":{"0":{"name":"sign","decl":{"start":{"line":4,"column":9},"end":{"line":4,"column":13}},"loc":{"start":{"line":4,"column":23},"end":{"line":6,"column":1}},"line":4},"1":{"name":"verify","decl":{"start":{"line":8,"column":9},"end":{"line":8,"column":15}},"loc":{"start":{"line":8,"column":23},"end":{"line":10,"column":1}},"line":8}},"branchMap":{"0":{"loc":{"start":{"line":2,"column":19},"end":{"line":2,"column":54}},"type":"binary-expr","locations":[{"start":{"line":2,"column":19},"end":{"line":2,"column":41}},{"start":{"line":2,"column":45},"end":{"line":2,"column":54}}],"line":2}},"s":{"0":2,"1":2,"2":4,"3":4,"4":2},"f":{"0":4,"1":4},"b":{"0":[2,2]},"_coverageSchema":"1a1c01bbd47fc00a2c39e90264f33305004495a9","hash":"7c193ea0f00c63498efad7cfc5e0aca9eb715592"}
,"C:\\Users\\SONY\\Documents\\Immersive\\FinalProjectDatingApp\\meetyou-server\\middlewares\\auth.js": {"path":"C:\\Users\\SONY\\Documents\\Immersive\\FinalProjectDatingApp\\meetyou-server\\middlewares\\auth.js","statementMap":{"0":{"start":{"line":1,"column":19},"end":{"line":1,"column":44}},"1":{"start":{"line":2,"column":17},"end":{"line":2,"column":37}},"2":{"start":{"line":3,"column":23},"end":{"line":41,"column":1}},"3":{"start":{"line":4,"column":23},"end":{"line":4,"column":47}},"4":{"start":{"line":5,"column":2},"end":{"line":40,"column":3}},"5":{"start":{"line":6,"column":4},"end":{"line":11,"column":5}},"6":{"start":{"line":7,"column":6},"end":{"line":10,"column":8}},"7":{"start":{"line":13,"column":20},"end":{"line":13,"column":40}},"8":{"start":{"line":14,"column":26},"end":{"line":14,"column":33}},"9":{"start":{"line":15,"column":21},"end":{"line":20,"column":6}},"10":{"start":{"line":22,"column":4},"end":{"line":27,"column":5}},"11":{"start":{"line":23,"column":6},"end":{"line":26,"column":8}},"12":{"start":{"line":29,"column":4},"end":{"line":36,"column":6}},"13":{"start":{"line":37,"column":4},"end":{"line":37,"column":11}},"14":{"start":{"line":39,"column":4},"end":{"line":39,"column":14}},"15":{"start":{"line":43,"column":0},"end":{"line":43,"column":36}}},"fnMap":{"0":{"name":"(anonymous_0)","decl":{"start":{"line":3,"column":23},"end":{"line":3,"column":24}},"loc":{"start":{"line":3,"column":49},"end":{"line":41,"column":1}},"line":3}},"branchMap":{"0":{"loc":{"start":{"line":6,"column":4},"end":{"line":11,"column":5}},"type":"if","locations":[{"start":{"line":6,"column":4},"end":{"line":11,"column":5}},{"start":{"line":6,"column":4},"end":{"line":11,"column":5}}],"line":6},"1":{"loc":{"start":{"line":22,"column":4},"end":{"line":27,"column":5}},"type":"if","locations":[{"start":{"line":22,"column":4},"end":{"line":27,"column":5}},{"start":{"line":22,"column":4},"end":{"line":27,"column":5}}],"line":22}},"s":{"0":2,"1":2,"2":2,"3":4,"4":4,"5":4,"6":0,"7":4,"8":4,"9":4,"10":4,"11":0,"12":4,"13":4,"14":0,"15":2},"f":{"0":4},"b":{"0":[0,4],"1":[0,4]},"_coverageSchema":"1a1c01bbd47fc00a2c39e90264f33305004495a9","hash":"cc664c84ca10092a7ad085fe37faee7d5a7b89a4"}
,"C:\\Users\\SONY\\Documents\\Immersive\\FinalProjectDatingApp\\meetyou-server\\models\\chat.js": {"path":"C:\\Users\\SONY\\Documents\\Immersive\\FinalProjectDatingApp\\meetyou-server\\models\\chat.js","statementMap":{"0":{"start":{"line":4,"column":4},"end":{"line":4,"column":24}},"1":{"start":{"line":5,"column":0},"end":{"line":27,"column":2}},"2":{"start":{"line":14,"column":6},"end":{"line":14,"column":75}},"3":{"start":{"line":15,"column":6},"end":{"line":15,"column":75}},"4":{"start":{"line":18,"column":2},"end":{"line":25,"column":5}},"5":{"start":{"line":26,"column":2},"end":{"line":26,"column":14}}},"fnMap":{"0":{"name":"(anonymous_0)","decl":{"start":{"line":5,"column":17},"end":{"line":5,"column":18}},"loc":{"start":{"line":5,"column":43},"end":{"line":27,"column":1}},"line":5},"1":{"name":"(anonymous_1)","decl":{"start":{"line":12,"column":4},"end":{"line":12,"column":5}},"loc":{"start":{"line":12,"column":29},"end":{"line":16,"column":5}},"line":12}},"branchMap":{},"s":{"0":2,"1":2,"2":2,"3":2,"4":2,"5":2},"f":{"0":2,"1":2},"b":{},"_coverageSchema":"1a1c01bbd47fc00a2c39e90264f33305004495a9","hash":"47a4503c32806515eeb82ddbf49a785ab9758bf6"}
,"C:\\Users\\SONY\\Documents\\Immersive\\FinalProjectDatingApp\\meetyou-server\\models\\image.js": {"path":"C:\\Users\\SONY\\Documents\\Immersive\\FinalProjectDatingApp\\meetyou-server\\models\\image.js","statementMap":{"0":{"start":{"line":2,"column":18},"end":{"line":2,"column":38}},"1":{"start":{"line":3,"column":0},"end":{"line":26,"column":2}},"2":{"start":{"line":12,"column":6},"end":{"line":12,"column":63}},"3":{"start":{"line":15,"column":2},"end":{"line":24,"column":4}},"4":{"start":{"line":25,"column":2},"end":{"line":25,"column":15}}},"fnMap":{"0":{"name":"(anonymous_0)","decl":{"start":{"line":3,"column":17},"end":{"line":3,"column":18}},"loc":{"start":{"line":3,"column":43},"end":{"line":26,"column":1}},"line":3},"1":{"name":"(anonymous_1)","decl":{"start":{"line":10,"column":4},"end":{"line":10,"column":5}},"loc":{"start":{"line":10,"column":29},"end":{"line":13,"column":5}},"line":10}},"branchMap":{},"s":{"0":2,"1":2,"2":2,"3":2,"4":2},"f":{"0":2,"1":2},"b":{},"_coverageSchema":"1a1c01bbd47fc00a2c39e90264f33305004495a9","hash":"3d512e960628dea5e8c5bca633607f6ca401f0fe"}
,"C:\\Users\\SONY\\Documents\\Immersive\\FinalProjectDatingApp\\meetyou-server\\models\\index.js": {"path":"C:\\Users\\SONY\\Documents\\Immersive\\FinalProjectDatingApp\\meetyou-server\\models\\index.js","statementMap":{"0":{"start":{"line":3,"column":11},"end":{"line":3,"column":24}},"1":{"start":{"line":4,"column":13},"end":{"line":4,"column":28}},"2":{"start":{"line":5,"column":18},"end":{"line":5,"column":38}},"3":{"start":{"line":6,"column":17},"end":{"line":6,"column":42}},"4":{"start":{"line":7,"column":12},"end":{"line":7,"column":49}},"5":{"start":{"line":8,"column":15},"end":{"line":8,"column":65}},"6":{"start":{"line":9,"column":11},"end":{"line":9,"column":13}},"7":{"start":{"line":12,"column":0},"end":{"line":16,"column":1}},"8":{"start":{"line":13,"column":2},"end":{"line":13,"column":74}},"9":{"start":{"line":15,"column":2},"end":{"line":15,"column":87}},"10":{"start":{"line":18,"column":0},"end":{"line":26,"column":5}},"11":{"start":{"line":21,"column":4},"end":{"line":21,"column":90}},"12":{"start":{"line":24,"column":18},"end":{"line":24,"column":85}},"13":{"start":{"line":25,"column":4},"end":{"line":25,"column":27}},"14":{"start":{"line":28,"column":0},"end":{"line":32,"column":3}},"15":{"start":{"line":29,"column":2},"end":{"line":31,"column":3}},"16":{"start":{"line":30,"column":4},"end":{"line":30,"column":32}},"17":{"start":{"line":34,"column":0},"end":{"line":34,"column":25}},"18":{"start":{"line":35,"column":0},"end":{"line":35,"column":25}},"19":{"start":{"line":37,"column":0},"end":{"line":37,"column":20}}},"fnMap":{"0":{"name":"(anonymous_0)","decl":{"start":{"line":20,"column":10},"end":{"line":20,"column":11}},"loc":{"start":{"line":20,"column":18},"end":{"line":22,"column":3}},"line":20},"1":{"name":"(anonymous_1)","decl":{"start":{"line":23,"column":11},"end":{"line":23,"column":12}},"loc":{"start":{"line":23,"column":19},"end":{"line":26,"column":3}},"line":23},"2":{"name":"(anonymous_2)","decl":{"start":{"line":28,"column":24},"end":{"line":28,"column":25}},"loc":{"start":{"line":28,"column":37},"end":{"line":32,"column":1}},"line":28}},"branchMap":{"0":{"loc":{"start":{"line":7,"column":12},"end":{"line":7,"column":49}},"type":"binary-expr","locations":[{"start":{"line":7,"column":12},"end":{"line":7,"column":32}},{"start":{"line":7,"column":36},"end":{"line":7,"column":49}}],"line":7},"1":{"loc":{"start":{"line":12,"column":0},"end":{"line":16,"column":1}},"type":"if","locations":[{"start":{"line":12,"column":0},"end":{"line":16,"column":1}},{"start":{"line":12,"column":0},"end":{"line":16,"column":1}}],"line":12},"2":{"loc":{"start":{"line":21,"column":11},"end":{"line":21,"column":89}},"type":"binary-expr","locations":[{"start":{"line":21,"column":12},"end":{"line":21,"column":35}},{"start":{"line":21,"column":41},"end":{"line":21,"column":58}},{"start":{"line":21,"column":64},"end":{"line":21,"column":88}}],"line":21},"3":{"loc":{"start":{"line":29,"column":2},"end":{"line":31,"column":3}},"type":"if","locations":[{"start":{"line":29,"column":2},"end":{"line":31,"column":3}},{"start":{"line":29,"column":2},"end":{"line":31,"column":3}}],"line":29}},"s":{"0":2,"1":2,"2":2,"3":2,"4":2,"5":2,"6":2,"7":2,"8":0,"9":2,"10":2,"11":14,"12":12,"13":12,"14":2,"15":12,"16":12,"17":2,"18":2,"19":2},"f":{"0":14,"1":12,"2":12},"b":{"0":[2,0],"1":[0,2],"2":[14,14,12],"3":[12,0]},"_coverageSchema":"1a1c01bbd47fc00a2c39e90264f33305004495a9","hash":"32e91cb5d024c65e05088e25b538b25e5f93f7be"}
,"C:\\Users\\SONY\\Documents\\Immersive\\FinalProjectDatingApp\\meetyou-server\\models\\interest.js": {"path":"C:\\Users\\SONY\\Documents\\Immersive\\FinalProjectDatingApp\\meetyou-server\\models\\interest.js","statementMap":{"0":{"start":{"line":2,"column":18},"end":{"line":2,"column":38}},"1":{"start":{"line":3,"column":0},"end":{"line":25,"column":2}},"2":{"start":{"line":12,"column":6},"end":{"line":12,"column":74}},"3":{"start":{"line":15,"column":2},"end":{"line":23,"column":4}},"4":{"start":{"line":24,"column":2},"end":{"line":24,"column":18}}},"fnMap":{"0":{"name":"(anonymous_0)","decl":{"start":{"line":3,"column":17},"end":{"line":3,"column":18}},"loc":{"start":{"line":3,"column":43},"end":{"line":25,"column":1}},"line":3},"1":{"name":"(anonymous_1)","decl":{"start":{"line":10,"column":4},"end":{"line":10,"column":5}},"loc":{"start":{"line":10,"column":29},"end":{"line":13,"column":5}},"line":10}},"branchMap":{},"s":{"0":2,"1":2,"2":2,"3":2,"4":2},"f":{"0":2,"1":2},"b":{},"_coverageSchema":"1a1c01bbd47fc00a2c39e90264f33305004495a9","hash":"8be4a2743c53c0fdba6cae3925d21385d5386036"}
,"C:\\Users\\SONY\\Documents\\Immersive\\FinalProjectDatingApp\\meetyou-server\\models\\like.js": {"path":"C:\\Users\\SONY\\Documents\\Immersive\\FinalProjectDatingApp\\meetyou-server\\models\\like.js","statementMap":{"0":{"start":{"line":2,"column":18},"end":{"line":2,"column":38}},"1":{"start":{"line":3,"column":0},"end":{"line":29,"column":2}},"2":{"start":{"line":12,"column":6},"end":{"line":12,"column":75}},"3":{"start":{"line":13,"column":6},"end":{"line":13,"column":75}},"4":{"start":{"line":16,"column":2},"end":{"line":27,"column":4}},"5":{"start":{"line":28,"column":2},"end":{"line":28,"column":14}}},"fnMap":{"0":{"name":"(anonymous_0)","decl":{"start":{"line":3,"column":17},"end":{"line":3,"column":18}},"loc":{"start":{"line":3,"column":43},"end":{"line":29,"column":1}},"line":3},"1":{"name":"(anonymous_1)","decl":{"start":{"line":10,"column":4},"end":{"line":10,"column":5}},"loc":{"start":{"line":10,"column":29},"end":{"line":14,"column":5}},"line":10}},"branchMap":{},"s":{"0":2,"1":2,"2":2,"3":2,"4":2,"5":2},"f":{"0":2,"1":2},"b":{},"_coverageSchema":"1a1c01bbd47fc00a2c39e90264f33305004495a9","hash":"b922027b8666e375f7e9caae00f709aa3eed849b"}
,"C:\\Users\\SONY\\Documents\\Immersive\\FinalProjectDatingApp\\meetyou-server\\models\\user.js": {"path":"C:\\Users\\SONY\\Documents\\Immersive\\FinalProjectDatingApp\\meetyou-server\\models\\user.js","statementMap":{"0":{"start":{"line":2,"column":18},"end":{"line":2,"column":38}},"1":{"start":{"line":3,"column":19},"end":{"line":3,"column":47}},"2":{"start":{"line":4,"column":0},"end":{"line":124,"column":2}},"3":{"start":{"line":13,"column":6},"end":{"line":13,"column":74}},"4":{"start":{"line":14,"column":6},"end":{"line":14,"column":74}},"5":{"start":{"line":16,"column":6},"end":{"line":16,"column":66}},"6":{"start":{"line":17,"column":6},"end":{"line":17,"column":61}},"7":{"start":{"line":20,"column":2},"end":{"line":122,"column":4}},"8":{"start":{"line":112,"column":10},"end":{"line":112,"column":47}},"9":{"start":{"line":115,"column":25},"end":{"line":115,"column":52}},"10":{"start":{"line":116,"column":10},"end":{"line":116,"column":32}},"11":{"start":{"line":123,"column":2},"end":{"line":123,"column":14}}},"fnMap":{"0":{"name":"(anonymous_0)","decl":{"start":{"line":4,"column":17},"end":{"line":4,"column":18}},"loc":{"start":{"line":4,"column":43},"end":{"line":124,"column":1}},"line":4},"1":{"name":"(anonymous_1)","decl":{"start":{"line":11,"column":4},"end":{"line":11,"column":5}},"loc":{"start":{"line":11,"column":29},"end":{"line":18,"column":5}},"line":11},"2":{"name":"(anonymous_2)","decl":{"start":{"line":111,"column":22},"end":{"line":111,"column":23}},"loc":{"start":{"line":111,"column":41},"end":{"line":113,"column":9}},"line":111},"3":{"name":"(anonymous_3)","decl":{"start":{"line":114,"column":26},"end":{"line":114,"column":27}},"loc":{"start":{"line":114,"column":51},"end":{"line":117,"column":9}},"line":114}},"branchMap":{},"s":{"0":2,"1":2,"2":2,"3":2,"4":2,"5":2,"6":2,"7":2,"8":6,"9":0,"10":0,"11":2},"f":{"0":2,"1":2,"2":6,"3":0},"b":{},"_coverageSchema":"1a1c01bbd47fc00a2c39e90264f33305004495a9","hash":"fc3ef888b149ee1ecde7e2752d5a950068b42e96"}
,"C:\\Users\\SONY\\Documents\\Immersive\\FinalProjectDatingApp\\meetyou-server\\models\\userinterest.js": {"path":"C:\\Users\\SONY\\Documents\\Immersive\\FinalProjectDatingApp\\meetyou-server\\models\\userinterest.js","statementMap":{"0":{"start":{"line":2,"column":18},"end":{"line":2,"column":38}},"1":{"start":{"line":3,"column":0},"end":{"line":27,"column":2}},"2":{"start":{"line":12,"column":6},"end":{"line":12,"column":68}},"3":{"start":{"line":13,"column":6},"end":{"line":13,"column":76}},"4":{"start":{"line":16,"column":2},"end":{"line":25,"column":4}},"5":{"start":{"line":26,"column":2},"end":{"line":26,"column":22}}},"fnMap":{"0":{"name":"(anonymous_0)","decl":{"start":{"line":3,"column":17},"end":{"line":3,"column":18}},"loc":{"start":{"line":3,"column":43},"end":{"line":27,"column":1}},"line":3},"1":{"name":"(anonymous_1)","decl":{"start":{"line":10,"column":4},"end":{"line":10,"column":5}},"loc":{"start":{"line":10,"column":29},"end":{"line":14,"column":5}},"line":10}},"branchMap":{},"s":{"0":2,"1":2,"2":2,"3":2,"4":2,"5":2},"f":{"0":2,"1":2},"b":{},"_coverageSchema":"1a1c01bbd47fc00a2c39e90264f33305004495a9","hash":"9d3d9eb44f3877bcc0ddf7a9ab77aacb6cec5203"}
,"C:\\Users\\SONY\\Documents\\Immersive\\FinalProjectDatingApp\\meetyou-server\\routes\\index.js": {"path":"C:\\Users\\SONY\\Documents\\Immersive\\FinalProjectDatingApp\\meetyou-server\\routes\\index.js","statementMap":{"0":{"start":{"line":1,"column":15},"end":{"line":1,"column":42}},"1":{"start":{"line":2,"column":23},"end":{"line":2,"column":63}},"2":{"start":{"line":3,"column":27},"end":{"line":3,"column":71}},"3":{"start":{"line":4,"column":24},"end":{"line":4,"column":65}},"4":{"start":{"line":5,"column":23},"end":{"line":5,"column":63}},"5":{"start":{"line":6,"column":28},"end":{"line":6,"column":73}},"6":{"start":{"line":7,"column":25},"end":{"line":7,"column":65}},"7":{"start":{"line":8,"column":27},"end":{"line":8,"column":57}},"8":{"start":{"line":11,"column":0},"end":{"line":11,"column":44}},"9":{"start":{"line":12,"column":0},"end":{"line":12,"column":50}},"10":{"start":{"line":19,"column":0},"end":{"line":19,"column":27}},"11":{"start":{"line":20,"column":0},"end":{"line":20,"column":61}},"12":{"start":{"line":21,"column":0},"end":{"line":21,"column":51}},"13":{"start":{"line":22,"column":0},"end":{"line":22,"column":70}},"14":{"start":{"line":24,"column":0},"end":{"line":24,"column":52}},"15":{"start":{"line":27,"column":0},"end":{"line":27,"column":50}},"16":{"start":{"line":31,"column":0},"end":{"line":31,"column":55}},"17":{"start":{"line":34,"column":0},"end":{"line":34,"column":53}},"18":{"start":{"line":40,"column":0},"end":{"line":40,"column":44}},"19":{"start":{"line":41,"column":0},"end":{"line":41,"column":21}},"20":{"start":{"line":43,"column":0},"end":{"line":43,"column":60}},"21":{"start":{"line":44,"column":0},"end":{"line":44,"column":58}},"22":{"start":{"line":46,"column":0},"end":{"line":46,"column":22}},"23":{"start":{"line":47,"column":0},"end":{"line":47,"column":23}},"24":{"start":{"line":48,"column":0},"end":{"line":48,"column":22}},"25":{"start":{"line":50,"column":0},"end":{"line":50,"column":24}},"26":{"start":{"line":51,"column":0},"end":{"line":51,"column":25}},"27":{"start":{"line":53,"column":0},"end":{"line":53,"column":25}},"28":{"start":{"line":55,"column":0},"end":{"line":55,"column":24}}},"fnMap":{},"branchMap":{},"s":{"0":2,"1":2,"2":2,"3":2,"4":2,"5":2,"6":2,"7":2,"8":2,"9":2,"10":2,"11":2,"12":2,"13":2,"14":2,"15":2,"16":2,"17":2,"18":2,"19":2,"20":2,"21":2,"22":2,"23":2,"24":2,"25":2,"26":2,"27":2,"28":2},"f":{},"b":{},"_coverageSchema":"1a1c01bbd47fc00a2c39e90264f33305004495a9","hash":"bff767761b783debcb01285f4ab8f3179dc5a3e6"}
}
