TN:
SF:app.js
FNF:0
FNH:0
DA:1,8
DA:2,8
DA:3,8
DA:4,8
DA:5,8
DA:6,8
DA:8,8
DA:9,8
DA:10,8
DA:11,8
DA:17,8
LF:11
LH:11
BRDA:5,0,0,8
BRDA:5,0,1,8
BRF:2
BRH:2
end_of_record
TN:
SF:controllers/chatController.js
FN:3,(anonymous_0)
FNF:1
FNH:1
FNDA:2,(anonymous_0)
DA:1,8
DA:4,2
DA:5,2
DA:6,2
DA:13,1
DA:20,1
DA:22,1
DA:23,1
DA:28,8
LF:9
LH:9
BRF:0
BRH:0
end_of_record
TN:
SF:controllers/imageController.js
FN:4,(anonymous_0)
FNF:1
FNH:1
FNDA:2,(anonymous_0)
DA:1,8
DA:5,2
DA:6,2
DA:7,2
DA:8,2
DA:12,1
DA:14,1
DA:19,8
LF:8
LH:8
BRF:0
BRH:0
end_of_record
TN:
SF:controllers/interestController.js
FN:3,(anonymous_0)
FN:34,(anonymous_1)
FNF:2
FNH:2
FNDA:2,(anonymous_0)
FNDA:1,(anonymous_1)
DA:1,8
DA:4,2
DA:5,2
DA:6,2
DA:28,1
DA:30,1
DA:31,1
DA:35,1
DA:36,1
DA:37,1
DA:39,0
DA:44,8
LF:12
LH:11
BRF:0
BRH:0
end_of_record
TN:
SF:controllers/placeController.js
FN:5,(anonymous_0)
FN:9,(anonymous_1)
FNF:2
FNH:2
FNDA:1,(anonymous_0)
FNDA:5,(anonymous_1)
DA:1,8
DA:2,8
DA:6,1
DA:7,1
DA:8,1
DA:9,1
DA:10,5
DA:11,5
DA:14,1
DA:16,0
DA:21,8
LF:11
LH:10
BRDA:10,0,0,5
BRDA:10,0,1,0
BRF:2
BRH:1
end_of_record
TN:
SF:controllers/swipeController.js
FN:15,(anonymous_0)
FN:26,(anonymous_1)
FN:39,(anonymous_2)
FN:58,(anonymous_3)
FN:74,(anonymous_4)
FN:122,(anonymous_5)
FNF:6
FNH:4
FNDA:1,(anonymous_0)
FNDA:0,(anonymous_1)
FNDA:0,(anonymous_2)
FNDA:10,(anonymous_3)
FNDA:3,(anonymous_4)
FNDA:3,(anonymous_5)
DA:8,8
DA:9,8
DA:11,8
DA:16,1
DA:17,1
DA:19,1
DA:21,1
DA:26,1
DA:27,0
DA:31,1
DA:39,1
DA:40,0
DA:43,1
DA:58,1
DA:59,10
DA:65,4
DA:68,1
DA:70,0
DA:75,3
DA:76,3
DA:78,3
DA:80,3
DA:87,3
DA:88,2
DA:94,2
DA:97,1
DA:108,1
DA:109,1
DA:110,1
DA:114,1
DA:118,0
DA:123,3
DA:124,3
DA:126,3
DA:127,3
DA:134,3
DA:135,2
DA:141,2
DA:144,1
DA:155,1
DA:156,1
DA:159,0
DA:164,8
LF:43
LH:38
BRDA:17,0,0,0
BRDA:17,0,1,1
BRDA:59,1,0,4
BRDA:59,1,1,6
BRDA:60,2,0,10
BRDA:60,2,1,10
BRDA:60,2,2,10
BRDA:60,2,3,10
BRDA:87,3,0,2
BRDA:87,3,1,1
BRDA:109,4,0,1
BRDA:109,4,1,0
BRDA:109,5,0,1
BRDA:109,5,1,1
BRDA:134,6,0,2
BRDA:134,6,1,1
BRF:16
BRH:14
end_of_record
TN:
SF:controllers/userController.js
FN:13,(anonymous_0)
FN:41,(anonymous_1)
FN:51,(anonymous_2)
FN:62,(anonymous_3)
FN:66,(anonymous_4)
FN:76,(anonymous_5)
FN:106,(anonymous_6)
FN:136,(anonymous_7)
FN:158,(anonymous_8)
FNF:9
FNH:8
FNDA:26,(anonymous_0)
FNDA:15,(anonymous_1)
FNDA:9,(anonymous_2)
FNDA:3,(anonymous_3)
FNDA:0,(anonymous_4)
FNDA:1,(anonymous_5)
FNDA:1,(anonymous_6)
FNDA:1,(anonymous_7)
FNDA:2,(anonymous_8)
DA:7,8
DA:8,8
DA:9,8
DA:14,26
DA:15,26
DA:16,26
DA:17,26
DA:18,26
DA:19,1
DA:21,25
DA:22,25
DA:23,0
DA:26,25
DA:30,25
DA:37,1
DA:43,15
DA:44,15
DA:45,15
DA:46,15
DA:51,3
DA:52,9
DA:61,3
DA:63,3
DA:64,3
DA:67,0
DA:70,12
DA:71,12
DA:72,12
DA:77,1
DA:78,1
DA:80,1
DA:81,1
DA:82,1
DA:83,0
DA:88,1
DA:99,1
DA:100,1
DA:102,0
DA:107,1
DA:109,1
DA:111,1
DA:112,1
DA:113,1
DA:114,0
DA:119,1
DA:127,1
DA:129,1
DA:131,0
DA:132,0
DA:137,1
DA:138,1
DA:139,1
DA:152,1
DA:154,0
DA:159,2
DA:160,2
DA:161,2
DA:174,2
DA:175,1
DA:180,1
DA:183,1
DA:188,8
LF:62
LH:54
BRDA:18,0,0,1
BRDA:18,0,1,25
BRDA:22,1,0,0
BRDA:22,1,1,25
BRDA:82,2,0,0
BRDA:82,2,1,1
BRDA:113,3,0,0
BRDA:113,3,1,1
BRDA:174,4,0,1
BRDA:174,4,1,1
BRDA:174,5,0,2
BRDA:174,5,1,1
BRF:12
BRH:9
end_of_record
TN:
SF:controllers/videoCallController.js
FN:6,(anonymous_0)
FN:33,(anonymous_1)
FNF:2
FNH:2
FNDA:2,(anonymous_0)
FNDA:2,(anonymous_1)
DA:1,8
DA:3,8
DA:7,2
DA:8,2
DA:27,1
DA:29,1
DA:34,2
DA:35,2
DA:36,2
DA:44,1
DA:46,1
DA:51,8
LF:12
LH:12
BRDA:3,0,0,8
BRDA:3,0,1,8
BRF:2
BRH:2
end_of_record
TN:
SF:errorHandlers/errorHandler.js
FN:1,(anonymous_0)
FN:19,(anonymous_1)
FNF:2
FNH:2
FNDA:20,(anonymous_0)
FNDA:13,(anonymous_1)
DA:1,8
DA:2,20
DA:3,20
DA:5,20
DA:6,1
DA:7,1
DA:8,19
DA:9,0
DA:10,0
DA:11,19
DA:12,1
DA:13,1
DA:14,18
DA:15,0
DA:16,0
DA:17,18
DA:18,11
DA:19,11
DA:20,13
DA:22,7
DA:23,1
DA:24,1
DA:26,20
DA:29,8
LF:24
LH:20
BRDA:5,0,0,1
BRDA:5,0,1,19
BRDA:8,1,0,0
BRDA:8,1,1,19
BRDA:11,2,0,1
BRDA:11,2,1,18
BRDA:14,3,0,0
BRDA:14,3,1,18
BRDA:17,4,0,11
BRDA:17,4,1,7
BRDA:22,5,0,1
BRDA:22,5,1,6
BRF:12
BRH:10
end_of_record
TN:
SF:helpers/bcrypt.js
FN:4,encode
FN:8,decode
FNF:2
FNH:2
FNDA:11,encode
FNDA:25,decode
DA:1,8
DA:2,8
DA:5,11
DA:9,25
DA:12,8
LF:5
LH:5
BRF:0
BRH:0
end_of_record
TN:
SF:helpers/distance.js
FN:1,distance
FNF:1
FNH:1
FNDA:15,distance
DA:6,15
DA:7,15
DA:8,15
DA:9,15
DA:12,15
DA:13,15
DA:14,15
DA:18,15
DA:22,15
DA:25,15
DA:28,8
LF:11
LH:11
BRF:0
BRH:0
end_of_record
TN:
SF:helpers/jwt.js
FN:4,sign
FN:8,verify
FNF:2
FNH:2
FNDA:25,sign
FNDA:25,verify
DA:1,8
DA:2,8
DA:5,25
DA:9,25
DA:12,8
LF:5
LH:5
BRDA:2,0,0,8
BRDA:2,0,1,8
BRF:2
BRH:2
end_of_record
TN:
SF:middlewares/auth.js
FN:3,(anonymous_0)
FNF:1
FNH:1
FNDA:25,(anonymous_0)
DA:1,8
DA:2,8
DA:3,8
DA:4,25
DA:5,25
DA:6,25
DA:7,0
DA:13,25
DA:14,24
DA:15,24
DA:22,23
DA:23,0
DA:29,23
DA:37,23
DA:39,2
DA:43,8
LF:16
LH:14
BRDA:6,0,0,0
BRDA:6,0,1,25
BRDA:22,1,0,0
BRDA:22,1,1,23
BRF:4
BRH:2
end_of_record
TN:
SF:models/chat.js
FN:5,(anonymous_0)
FN:12,(anonymous_1)
FNF:2
FNH:2
FNDA:8,(anonymous_0)
FNDA:8,(anonymous_1)
DA:4,8
DA:5,8
DA:14,8
DA:15,8
DA:18,8
DA:27,8
LF:6
LH:6
BRF:0
BRH:0
end_of_record
TN:
SF:models/image.js
FN:3,(anonymous_0)
FN:10,(anonymous_1)
FNF:2
FNH:2
FNDA:8,(anonymous_0)
FNDA:8,(anonymous_1)
DA:2,8
DA:3,8
DA:12,8
DA:15,8
DA:37,8
LF:5
LH:5
BRF:0
BRH:0
end_of_record
TN:
SF:models/index.js
FN:20,(anonymous_0)
FN:23,(anonymous_1)
FN:28,(anonymous_2)
FNF:3
FNH:3
FNDA:64,(anonymous_0)
FNDA:56,(anonymous_1)
FNDA:56,(anonymous_2)
DA:3,8
DA:4,8
DA:5,8
DA:6,8
DA:7,8
DA:8,8
DA:9,8
DA:12,8
DA:13,0
DA:15,8
DA:18,8
DA:21,64
DA:24,56
DA:25,56
DA:28,8
DA:29,56
DA:30,56
DA:34,8
DA:35,8
DA:37,8
LF:20
LH:19
BRDA:7,0,0,8
BRDA:7,0,1,0
BRDA:12,1,0,0
BRDA:12,1,1,8
BRDA:21,2,0,64
BRDA:21,2,1,64
BRDA:21,2,2,56
BRDA:29,3,0,56
BRDA:29,3,1,0
BRF:9
BRH:6
end_of_record
TN:
SF:models/interest.js
FN:3,(anonymous_0)
FN:10,(anonymous_1)
FNF:2
FNH:2
FNDA:8,(anonymous_0)
FNDA:8,(anonymous_1)
DA:2,8
DA:3,8
DA:12,8
DA:15,8
DA:24,8
LF:5
LH:5
BRF:0
BRH:0
end_of_record
TN:
SF:models/like.js
FN:3,(anonymous_0)
FN:10,(anonymous_1)
FNF:2
FNH:2
FNDA:8,(anonymous_0)
FNDA:8,(anonymous_1)
DA:2,8
DA:3,8
DA:12,8
DA:13,8
DA:16,8
DA:28,8
LF:6
LH:6
BRF:0
BRH:0
end_of_record
TN:
SF:models/place.js
FN:5,(anonymous_0)
FN:12,(anonymous_1)
FNF:2
FNH:2
FNDA:8,(anonymous_0)
FNDA:8,(anonymous_1)
DA:4,8
DA:5,8
DA:16,8
DA:26,8
LF:4
LH:4
BRF:0
BRH:0
end_of_record
TN:
SF:models/user.js
FN:4,(anonymous_0)
FN:11,(anonymous_1)
FN:117,(anonymous_2)
FN:120,(anonymous_3)
FNF:4
FNH:3
FNDA:8,(anonymous_0)
FNDA:8,(anonymous_1)
FNDA:11,(anonymous_2)
FNDA:0,(anonymous_3)
DA:2,8
DA:3,8
DA:4,8
DA:13,8
DA:14,8
DA:16,8
DA:17,8
DA:20,8
DA:118,11
DA:121,0
DA:122,0
DA:129,8
LF:12
LH:10
BRF:0
BRH:0
end_of_record
TN:
SF:models/userinterest.js
FN:3,(anonymous_0)
FN:10,(anonymous_1)
FNF:2
FNH:2
FNDA:8,(anonymous_0)
FNDA:8,(anonymous_1)
DA:2,8
DA:3,8
DA:12,8
DA:13,8
DA:16,8
DA:26,8
LF:6
LH:6
BRF:0
BRH:0
end_of_record
TN:
SF:routes/index.js
FNF:0
FNH:0
DA:1,8
DA:2,8
DA:3,8
DA:4,8
DA:5,8
DA:6,8
DA:7,8
DA:8,8
DA:9,8
DA:10,8
DA:13,8
DA:14,8
DA:15,8
DA:21,8
DA:22,8
DA:23,8
DA:24,8
DA:25,8
DA:27,8
DA:28,8
DA:31,8
DA:35,8
DA:38,8
DA:44,8
DA:45,8
DA:47,8
DA:48,8
DA:50,8
DA:51,8
DA:52,8
DA:54,8
DA:55,8
DA:57,8
DA:59,8
DA:61,8
LF:35
LH:35
BRF:0
BRH:0
end_of_record
