TN:
SF:app.js
FN:13,(anonymous_0)
FNF:1
FNH:1
FNDA:1,(anonymous_0)
DA:1,2
DA:2,2
DA:3,2
DA:4,2
DA:5,2
DA:6,2
DA:8,2
DA:9,2
DA:10,2
DA:11,2
DA:13,2
DA:14,1
DA:17,2
LF:13
LH:13
BRDA:5,0,0,2
BRDA:5,0,1,2
BRF:2
BRH:2
end_of_record
TN:
SF:controllers\chatController.js
FN:3,(anonymous_0)
FNF:1
FNH:0
FNDA:0,(anonymous_0)
DA:1,2
DA:4,0
DA:5,0
DA:6,0
DA:13,0
DA:20,0
DA:22,0
DA:23,0
DA:28,2
LF:9
LH:2
BRF:0
BRH:0
end_of_record
TN:
SF:controllers\interestController.js
FN:3,(anonymous_0)
FN:14,(anonymous_1)
FNF:2
FNH:0
FNDA:0,(anonymous_0)
FNDA:0,(anonymous_1)
DA:1,2
DA:4,0
DA:5,0
DA:8,0
DA:10,0
DA:15,0
DA:17,0
DA:18,0
DA:40,0
DA:42,0
DA:47,2
LF:11
LH:2
BRF:0
BRH:0
end_of_record
TN:
SF:controllers\swipeController.js
FN:15,(anonymous_0)
FN:26,(anonymous_1)
FN:39,(anonymous_2)
FN:58,(anonymous_3)
FN:70,(anonymous_4)
FN:118,(anonymous_5)
FNF:6
FNH:0
FNDA:0,(anonymous_0)
FNDA:0,(anonymous_1)
FNDA:0,(anonymous_2)
FNDA:0,(anonymous_3)
FNDA:0,(anonymous_4)
FNDA:0,(anonymous_5)
DA:8,2
DA:9,2
DA:11,2
DA:16,0
DA:17,0
DA:19,0
DA:21,0
DA:26,0
DA:27,0
DA:31,0
DA:39,0
DA:40,0
DA:43,0
DA:58,0
DA:59,0
DA:61,0
DA:64,0
DA:66,0
DA:71,0
DA:72,0
DA:74,0
DA:76,0
DA:83,0
DA:84,0
DA:90,0
DA:93,0
DA:105,0
DA:106,0
DA:107,0
DA:111,0
DA:114,0
DA:119,0
DA:120,0
DA:122,0
DA:123,0
DA:130,0
DA:131,0
DA:137,0
DA:140,0
DA:152,0
DA:153,0
DA:156,0
DA:161,2
LF:43
LH:4
BRDA:17,0,0,0
BRDA:17,0,1,0
BRDA:59,1,0,0
BRDA:59,1,1,0
BRDA:59,2,0,0
BRDA:59,2,1,0
BRDA:59,2,2,0
BRDA:59,2,3,0
BRDA:83,3,0,0
BRDA:83,3,1,0
BRDA:106,4,0,0
BRDA:106,4,1,0
BRDA:106,5,0,0
BRDA:106,5,1,0
BRDA:130,6,0,0
BRDA:130,6,1,0
BRF:16
BRH:0
end_of_record
TN:
SF:controllers\userController.js
FN:7,(anonymous_0)
FN:35,(anonymous_1)
FN:54,(anonymous_2)
FN:65,(anonymous_3)
FN:69,(anonymous_4)
FN:78,(anonymous_5)
FN:115,(anonymous_6)
FN:123,(anonymous_7)
FN:126,(anonymous_8)
FN:136,(anonymous_9)
FN:169,(anonymous_10)
FNF:11
FNH:4
FNDA:4,(anonymous_0)
FNDA:15,(anonymous_1)
FNDA:6,(anonymous_2)
FNDA:2,(anonymous_3)
FNDA:0,(anonymous_4)
FNDA:0,(anonymous_5)
FNDA:0,(anonymous_6)
FNDA:0,(anonymous_7)
FNDA:0,(anonymous_8)
FNDA:0,(anonymous_9)
FNDA:0,(anonymous_10)
DA:1,2
DA:2,2
DA:3,2
DA:8,4
DA:10,4
DA:11,4
DA:12,4
DA:13,0
DA:15,4
DA:16,4
DA:17,0
DA:20,4
DA:24,4
DA:31,0
DA:46,15
DA:47,15
DA:48,15
DA:49,15
DA:54,2
DA:55,6
DA:64,2
DA:66,2
DA:67,2
DA:70,0
DA:73,13
DA:74,13
DA:88,0
DA:90,0
DA:92,0
DA:93,0
DA:94,0
DA:95,0
DA:100,0
DA:113,0
DA:115,0
DA:116,0
DA:122,0
DA:124,0
DA:127,0
DA:130,0
DA:132,0
DA:140,0
DA:142,0
DA:144,0
DA:145,0
DA:146,0
DA:147,0
DA:152,0
DA:160,0
DA:162,0
DA:164,0
DA:165,0
DA:170,0
DA:171,0
DA:172,0
DA:180,0
DA:182,0
DA:187,2
LF:58
LH:23
BRDA:12,0,0,0
BRDA:12,0,1,4
BRDA:16,1,0,0
BRDA:16,1,1,4
BRDA:94,2,0,0
BRDA:94,2,1,0
BRDA:146,3,0,0
BRDA:146,3,1,0
BRF:8
BRH:2
end_of_record
TN:
SF:controllers\videoCallController.js
FN:6,(anonymous_0)
FN:33,(anonymous_1)
FNF:2
FNH:2
FNDA:2,(anonymous_0)
FNDA:2,(anonymous_1)
DA:1,2
DA:3,2
DA:7,2
DA:8,2
DA:27,0
DA:29,2
DA:34,2
DA:35,2
DA:36,2
DA:44,1
DA:46,1
DA:51,2
LF:12
LH:11
BRF:0
BRH:0
end_of_record
TN:
SF:errorHandlers\errorHandler.js
FN:1,(anonymous_0)
FN:19,(anonymous_1)
FNF:2
FNH:2
FNDA:16,(anonymous_0)
FNDA:13,(anonymous_1)
DA:1,2
DA:2,16
DA:3,16
DA:5,16
DA:6,0
DA:7,0
DA:8,16
DA:9,0
DA:10,0
DA:11,16
DA:12,0
DA:13,0
DA:14,16
DA:15,0
DA:16,0
DA:17,16
DA:18,11
DA:19,11
DA:20,13
DA:22,5
DA:23,2
DA:24,2
DA:26,16
DA:29,2
LF:24
LH:16
BRDA:5,0,0,0
BRDA:5,0,1,16
BRDA:8,1,0,0
BRDA:8,1,1,16
BRDA:11,2,0,0
BRDA:11,2,1,16
BRDA:14,3,0,0
BRDA:14,3,1,16
BRDA:17,4,0,11
BRDA:17,4,1,5
BRDA:22,5,0,2
BRDA:22,5,1,3
BRF:12
BRH:8
end_of_record
TN:
SF:helpers\bcrypt.js
FN:4,encode
FN:8,decode
FNF:2
FNH:2
FNDA:6,encode
FNDA:4,decode
DA:1,2
DA:2,2
DA:5,6
DA:9,4
DA:12,2
LF:5
LH:5
BRF:0
BRH:0
end_of_record
TN:
SF:helpers\distance.js
FN:1,distance
FNF:1
FNH:0
FNDA:0,distance
DA:6,0
DA:7,0
DA:8,0
DA:9,0
DA:12,0
DA:13,0
DA:14,0
DA:18,0
DA:22,0
DA:25,0
DA:28,2
LF:11
LH:1
BRF:0
BRH:0
end_of_record
TN:
SF:helpers\jwt.js
FN:4,sign
FN:8,verify
FNF:2
FNH:2
FNDA:4,sign
FNDA:4,verify
DA:1,2
DA:2,2
DA:5,4
DA:9,4
DA:12,2
LF:5
LH:5
BRDA:2,0,0,2
BRDA:2,0,1,2
BRF:2
BRH:2
end_of_record
TN:
SF:middlewares\auth.js
FN:3,(anonymous_0)
FNF:1
FNH:1
FNDA:4,(anonymous_0)
DA:1,2
DA:2,2
DA:3,2
DA:4,4
DA:5,4
DA:6,4
DA:7,0
DA:13,4
DA:14,4
DA:15,4
DA:22,4
DA:23,0
DA:29,4
DA:37,4
DA:39,0
DA:43,2
LF:16
LH:13
BRDA:6,0,0,0
BRDA:6,0,1,4
BRDA:22,1,0,0
BRDA:22,1,1,4
BRF:4
BRH:2
end_of_record
TN:
SF:models\chat.js
FN:5,(anonymous_0)
FN:12,(anonymous_1)
FNF:2
FNH:2
FNDA:2,(anonymous_0)
FNDA:2,(anonymous_1)
DA:4,2
DA:5,2
DA:14,2
DA:15,2
DA:18,2
DA:26,2
LF:6
LH:6
BRF:0
BRH:0
end_of_record
TN:
SF:models\image.js
FN:3,(anonymous_0)
FN:10,(anonymous_1)
FNF:2
FNH:2
FNDA:2,(anonymous_0)
FNDA:2,(anonymous_1)
DA:2,2
DA:3,2
DA:12,2
DA:15,2
DA:25,2
LF:5
LH:5
BRF:0
BRH:0
end_of_record
TN:
SF:models\index.js
FN:20,(anonymous_0)
FN:23,(anonymous_1)
FN:28,(anonymous_2)
FNF:3
FNH:3
FNDA:14,(anonymous_0)
FNDA:12,(anonymous_1)
FNDA:12,(anonymous_2)
DA:3,2
DA:4,2
DA:5,2
DA:6,2
DA:7,2
DA:8,2
DA:9,2
DA:12,2
DA:13,0
DA:15,2
DA:18,2
DA:21,14
DA:24,12
DA:25,12
DA:28,2
DA:29,12
DA:30,12
DA:34,2
DA:35,2
DA:37,2
LF:20
LH:19
BRDA:7,0,0,2
BRDA:7,0,1,0
BRDA:12,1,0,0
BRDA:12,1,1,2
BRDA:21,2,0,14
BRDA:21,2,1,14
BRDA:21,2,2,12
BRDA:29,3,0,12
BRDA:29,3,1,0
BRF:9
BRH:6
end_of_record
TN:
SF:models\interest.js
FN:3,(anonymous_0)
FN:10,(anonymous_1)
FNF:2
FNH:2
FNDA:2,(anonymous_0)
FNDA:2,(anonymous_1)
DA:2,2
DA:3,2
DA:12,2
DA:15,2
DA:24,2
LF:5
LH:5
BRF:0
BRH:0
end_of_record
TN:
SF:models\like.js
FN:3,(anonymous_0)
FN:10,(anonymous_1)
FNF:2
FNH:2
FNDA:2,(anonymous_0)
FNDA:2,(anonymous_1)
DA:2,2
DA:3,2
DA:12,2
DA:13,2
DA:16,2
DA:28,2
LF:6
LH:6
BRF:0
BRH:0
end_of_record
TN:
SF:models\user.js
FN:4,(anonymous_0)
FN:11,(anonymous_1)
FN:111,(anonymous_2)
FN:114,(anonymous_3)
FNF:4
FNH:3
FNDA:2,(anonymous_0)
FNDA:2,(anonymous_1)
FNDA:6,(anonymous_2)
FNDA:0,(anonymous_3)
DA:2,2
DA:3,2
DA:4,2
DA:13,2
DA:14,2
DA:16,2
DA:17,2
DA:20,2
DA:112,6
DA:115,0
DA:116,0
DA:123,2
LF:12
LH:10
BRF:0
BRH:0
end_of_record
TN:
SF:models\userinterest.js
FN:3,(anonymous_0)
FN:10,(anonymous_1)
FNF:2
FNH:2
FNDA:2,(anonymous_0)
FNDA:2,(anonymous_1)
DA:2,2
DA:3,2
DA:12,2
DA:13,2
DA:16,2
DA:26,2
LF:6
LH:6
BRF:0
BRH:0
end_of_record
TN:
SF:routes\index.js
FNF:0
FNH:0
DA:1,2
DA:2,2
DA:3,2
DA:4,2
DA:5,2
DA:6,2
DA:7,2
DA:8,2
DA:11,2
DA:12,2
DA:19,2
DA:20,2
DA:21,2
DA:22,2
DA:24,2
DA:27,2
DA:31,2
DA:34,2
DA:40,2
DA:41,2
DA:43,2
DA:44,2
DA:46,2
DA:47,2
DA:48,2
DA:50,2
DA:51,2
DA:53,2
DA:55,2
LF:29
LH:29
BRF:0
BRH:0
end_of_record
